2023-03-20 00:17:17,601	INFO trial_runner.py:803 -- starting WrappedDistributedTorchTrainable_84752_00000
== Status ==
Current time: 2023-03-20 00:17:23 (running for 00:00:05.59)
Memory usage on this node: 3.8/39.3 GiB
Using FIFO scheduling algorithm.
Resources requested: 4.0/8 CPUs, 1.0/1 GPUs, 0.0/22.17 GiB heap, 0.0/11.08 GiB objects (0.0/1.0 accelerator_type:V100)
Result logdir: /home/ubuntu/GFN-1.1.0/logging/prw_final
Number of trials: 1/1 (1 RUNNING)
+----------------------------------------------+----------+------------------+
| Trial name                                   | status   | loc              |
|----------------------------------------------+----------+------------------|
| WrappedDistributedTorchTrainable_84752_00000 | RUNNING  | 172.16.0.5:28522 |
+----------------------------------------------+----------+------------------+


[2m[36m(func pid=28592)[0m ==> Using distributed: train or test
[2m[36m(func pid=28592)[0m Loading data
[2m[36m(func pid=28592)[0m           # Images  # Known ID  # Unknown ID
[2m[36m(func pid=28592)[0m trainval      5704         483          3141
[2m[36m(func pid=28592)[0m loading annotations into memory...
[2m[36m(func pid=28592)[0m Done (t=0.15s)
[2m[36m(func pid=28592)[0m creating index...
[2m[36m(func pid=28592)[0m index created!
[2m[36m(func pid=28592)[0m ==> Removed images in "trainval" without annotations: 0/5704
[2m[36m(func pid=28592)[0m Creating data loaders
[2m[36m(func pid=28592)[0m Using random sampler...
[2m[36m(func pid=28592)[0m       # Images  # Known ID  # Unknown ID
[2m[36m(func pid=28592)[0m test      6112         544          5935
[2m[36m(func pid=28592)[0m loading annotations into memory...
[2m[36m(func pid=28592)[0m Done (t=0.08s)
[2m[36m(func pid=28592)[0m creating index...
[2m[36m(func pid=28592)[0m index created!
[2m[36m(func pid=28592)[0m test 6112 6112
[2m[36m(func pid=28592)[0m Creating model
[2m[36m(func pid=28592)[0m Cuda available: True
[2m[36m(func pid=28592)[0m Num used params: 74/85
[2m[36m(func pid=28592)[0m Start training
[2m[36m(func pid=28592)[0m 6
[2m[36m(func pid=28592)[0m torch.Size([768])
[2m[36m(func pid=28592)[0m 6
[2m[36m(func pid=28592)[0m torch.Size([768, 4])
[2m[36m(func pid=28592)[0m 6
[2m[36m(func pid=28592)[0m torch.Size([768, 4])
[2m[36m(func pid=28592)[0m Epoch: [0]  [  0/950]  eta: 1:02:47  lr: 0.000000  loss: 3.5662 (3.5662)  loss_proposal_cls: 0.3332 (0.3332)  loss_proposal_reg: 1.5643 (1.5643)  loss_box_cls: 0.6454 (0.6454)  loss_box_reg: 0.1278 (0.1278)  sim_loss: 0.0000 (0.0000)  loss_rpn_reg: 0.2003 (0.2003)  loss_rpn_cls: 0.6952 (0.6952)  time: 3.9658  data: 1.2486  max mem: 9808
[2m[36m(func pid=28592)[0m 6
[2m[36m(func pid=28592)[0m torch.Size([768])
[2m[36m(func pid=28592)[0m 6
[2m[36m(func pid=28592)[0m torch.Size([768, 4])
[2m[36m(func pid=28592)[0m 6
[2m[36m(func pid=28592)[0m torch.Size([768, 4])
[2m[36m(func pid=28592)[0m 6
[2m[36m(func pid=28592)[0m torch.Size([768])
[2m[36m(func pid=28592)[0m 6
[2m[36m(func pid=28592)[0m torch.Size([768, 4])
[2m[36m(func pid=28592)[0m 6
[2m[36m(func pid=28592)[0m torch.Size([768, 4])
[2m[36m(func pid=28592)[0m 6
[2m[36m(func pid=28592)[0m torch.Size([768])
[2m[36m(func pid=28592)[0m 6
[2m[36m(func pid=28592)[0m torch.Size([768, 4])
[2m[36m(func pid=28592)[0m 6
[2m[36m(func pid=28592)[0m torch.Size([768, 4])
[2m[36m(func pid=28592)[0m 6
[2m[36m(func pid=28592)[0m torch.Size([768])
[2m[36m(func pid=28592)[0m 6
[2m[36m(func pid=28592)[0m torch.Size([768, 4])
[2m[36m(func pid=28592)[0m 6
[2m[36m(func pid=28592)[0m torch.Size([768, 4])
[2m[36m(func pid=28592)[0m 6
[2m[36m(func pid=28592)[0m torch.Size([768])
[2m[36m(func pid=28592)[0m 6
[2m[36m(func pid=28592)[0m torch.Size([768, 4])
[2m[36m(func pid=28592)[0m 6
[2m[36m(func pid=28592)[0m torch.Size([768, 4])
[2m[36m(func pid=28592)[0m 6
[2m[36m(func pid=28592)[0m torch.Size([768])
[2m[36m(func pid=28592)[0m 6
[2m[36m(func pid=28592)[0m torch.Size([768, 4])
[2m[36m(func pid=28592)[0m 6
[2m[36m(func pid=28592)[0m torch.Size([768, 4])
[2m[36m(func pid=28592)[0m 6
[2m[36m(func pid=28592)[0m torch.Size([768])
[2m[36m(func pid=28592)[0m 6
[2m[36m(func pid=28592)[0m torch.Size([768, 4])
[2m[36m(func pid=28592)[0m 6
[2m[36m(func pid=28592)[0m torch.Size([768, 4])
[2m[36m(func pid=28592)[0m 6
[2m[36m(func pid=28592)[0m torch.Size([768])
[2m[36m(func pid=28592)[0m 6
[2m[36m(func pid=28592)[0m torch.Size([768, 4])
[2m[36m(func pid=28592)[0m 6
[2m[36m(func pid=28592)[0m torch.Size([768, 4])
[2m[36m(func pid=28592)[0m 6
[2m[36m(func pid=28592)[0m torch.Size([768])
[2m[36m(func pid=28592)[0m 6
[2m[36m(func pid=28592)[0m torch.Size([768, 4])
[2m[36m(func pid=28592)[0m 6
[2m[36m(func pid=28592)[0m torch.Size([768, 4])
[2m[36m(func pid=28592)[0m 6
[2m[36m(func pid=28592)[0m torch.Size([768])
[2m[36m(func pid=28592)[0m 6
[2m[36m(func pid=28592)[0m torch.Size([768, 4])
[2m[36m(func pid=28592)[0m 6
[2m[36m(func pid=28592)[0m torch.Size([768, 4])
[2m[36m(func pid=28592)[0m 6
[2m[36m(func pid=28592)[0m torch.Size([768])
[2m[36m(func pid=28592)[0m 6
[2m[36m(func pid=28592)[0m torch.Size([768, 4])
[2m[36m(func pid=28592)[0m 6
[2m[36m(func pid=28592)[0m torch.Size([768, 4])
[2m[36m(func pid=28592)[0m 6
[2m[36m(func pid=28592)[0m torch.Size([768])
[2m[36m(func pid=28592)[0m 6
[2m[36m(func pid=28592)[0m torch.Size([768, 4])
[2m[36m(func pid=28592)[0m 6
[2m[36m(func pid=28592)[0m torch.Size([768, 4])
[2m[36m(func pid=28592)[0m 6
[2m[36m(func pid=28592)[0m torch.Size([768])
[2m[36m(func pid=28592)[0m 6
[2m[36m(func pid=28592)[0m torch.Size([768, 4])
[2m[36m(func pid=28592)[0m 6
[2m[36m(func pid=28592)[0m torch.Size([768, 4])
[2m[36m(func pid=28592)[0m 6
[2m[36m(func pid=28592)[0m torch.Size([768])
[2m[36m(func pid=28592)[0m 6
[2m[36m(func pid=28592)[0m torch.Size([768, 4])
[2m[36m(func pid=28592)[0m 6
[2m[36m(func pid=28592)[0m torch.Size([768, 4])
[2m[36m(func pid=28592)[0m 6
[2m[36m(func pid=28592)[0m torch.Size([768])
[2m[36m(func pid=28592)[0m 6
[2m[36m(func pid=28592)[0m torch.Size([768, 4])
[2m[36m(func pid=28592)[0m 6
[2m[36m(func pid=28592)[0m torch.Size([768, 4])
[2m[36m(func pid=28592)[0m 6
[2m[36m(func pid=28592)[0m torch.Size([768])
[2m[36m(func pid=28592)[0m 6
[2m[36m(func pid=28592)[0m torch.Size([768, 4])
[2m[36m(func pid=28592)[0m 6
[2m[36m(func pid=28592)[0m torch.Size([768, 4])
[2m[36m(func pid=28592)[0m 6
[2m[36m(func pid=28592)[0m torch.Size([768])
[2m[36m(func pid=28592)[0m 6
[2m[36m(func pid=28592)[0m torch.Size([768, 4])
[2m[36m(func pid=28592)[0m 6
[2m[36m(func pid=28592)[0m torch.Size([768, 4])
[2m[36m(func pid=28592)[0m 6
[2m[36m(func pid=28592)[0m torch.Size([768])
[2m[36m(func pid=28592)[0m 6
[2m[36m(func pid=28592)[0m torch.Size([768, 4])
[2m[36m(func pid=28592)[0m 6
[2m[36m(func pid=28592)[0m torch.Size([768, 4])
[2m[36m(func pid=28592)[0m 6
[2m[36m(func pid=28592)[0m torch.Size([768])
[2m[36m(func pid=28592)[0m 6
[2m[36m(func pid=28592)[0m torch.Size([768, 4])
[2m[36m(func pid=28592)[0m 6
[2m[36m(func pid=28592)[0m torch.Size([768, 4])
[2m[36m(func pid=28592)[0m 6
[2m[36m(func pid=28592)[0m torch.Size([768])
[2m[36m(func pid=28592)[0m 6
[2m[36m(func pid=28592)[0m torch.Size([768, 4])
[2m[36m(func pid=28592)[0m 6
[2m[36m(func pid=28592)[0m torch.Size([768, 4])
[2m[36m(func pid=28592)[0m Epoch: [0]  [ 20/950]  eta: 0:12:40  lr: 0.000002  loss: 5.5299 (5.0594)  loss_proposal_cls: 0.3323 (0.3341)  loss_proposal_reg: 1.5523 (1.5218)  loss_box_cls: 0.5612 (0.5742)  loss_box_reg: 0.1261 (0.1285)  sim_loss: 1.9667 (1.7640)  loss_rpn_reg: 0.0147 (0.0421)  loss_rpn_cls: 0.6946 (0.6946)  time: 0.6599  data: 0.0189  max mem: 10382
[2m[36m(func pid=28592)[0m 6
[2m[36m(func pid=28592)[0m torch.Size([768])
[2m[36m(func pid=28592)[0m 6
[2m[36m(func pid=28592)[0m torch.Size([768, 4])
[2m[36m(func pid=28592)[0m 6
[2m[36m(func pid=28592)[0m torch.Size([768, 4])
[2m[36m(func pid=28592)[0m 6
[2m[36m(func pid=28592)[0m torch.Size([768])
[2m[36m(func pid=28592)[0m 6
[2m[36m(func pid=28592)[0m torch.Size([768, 4])
[2m[36m(func pid=28592)[0m 6
[2m[36m(func pid=28592)[0m torch.Size([768, 4])
[2m[36m(func pid=28592)[0m 6
[2m[36m(func pid=28592)[0m torch.Size([768])
[2m[36m(func pid=28592)[0m 6
[2m[36m(func pid=28592)[0m torch.Size([768, 4])
[2m[36m(func pid=28592)[0m 6
[2m[36m(func pid=28592)[0m torch.Size([768, 4])
[2m[36m(func pid=28592)[0m 6
[2m[36m(func pid=28592)[0m torch.Size([768])
[2m[36m(func pid=28592)[0m 6
[2m[36m(func pid=28592)[0m torch.Size([768, 4])
[2m[36m(func pid=28592)[0m 6
[2m[36m(func pid=28592)[0m torch.Size([768, 4])
[2m[36m(func pid=28592)[0m 6
[2m[36m(func pid=28592)[0m torch.Size([768])
[2m[36m(func pid=28592)[0m 6
[2m[36m(func pid=28592)[0m torch.Size([768, 4])
[2m[36m(func pid=28592)[0m 6
[2m[36m(func pid=28592)[0m torch.Size([768, 4])
[2m[36m(func pid=28592)[0m 6
[2m[36m(func pid=28592)[0m torch.Size([768])
[2m[36m(func pid=28592)[0m 6
[2m[36m(func pid=28592)[0m torch.Size([768, 4])
[2m[36m(func pid=28592)[0m 6
[2m[36m(func pid=28592)[0m torch.Size([768, 4])
[2m[36m(func pid=28592)[0m 6
[2m[36m(func pid=28592)[0m torch.Size([768])
[2m[36m(func pid=28592)[0m 6
[2m[36m(func pid=28592)[0m torch.Size([768, 4])
[2m[36m(func pid=28592)[0m 6
[2m[36m(func pid=28592)[0m torch.Size([768, 4])
[2m[36m(func pid=28592)[0m 6
[2m[36m(func pid=28592)[0m torch.Size([768])
[2m[36m(func pid=28592)[0m 6
[2m[36m(func pid=28592)[0m torch.Size([768, 4])
[2m[36m(func pid=28592)[0m 6
[2m[36m(func pid=28592)[0m torch.Size([768, 4])
[2m[36m(func pid=28592)[0m 6
[2m[36m(func pid=28592)[0m torch.Size([768])
[2m[36m(func pid=28592)[0m 6
[2m[36m(func pid=28592)[0m torch.Size([768, 4])
[2m[36m(func pid=28592)[0m 6
[2m[36m(func pid=28592)[0m torch.Size([768, 4])
[2m[36m(func pid=28592)[0m 6
[2m[36m(func pid=28592)[0m torch.Size([768])
[2m[36m(func pid=28592)[0m 6
[2m[36m(func pid=28592)[0m torch.Size([768, 4])
[2m[36m(func pid=28592)[0m 6
[2m[36m(func pid=28592)[0m torch.Size([768, 4])
[2m[36m(func pid=28592)[0m 6
[2m[36m(func pid=28592)[0m torch.Size([768])
[2m[36m(func pid=28592)[0m 6
[2m[36m(func pid=28592)[0m torch.Size([768, 4])
[2m[36m(func pid=28592)[0m 6
[2m[36m(func pid=28592)[0m torch.Size([768, 4])
[2m[36m(func pid=28592)[0m 6
[2m[36m(func pid=28592)[0m torch.Size([768])
[2m[36m(func pid=28592)[0m 6
[2m[36m(func pid=28592)[0m torch.Size([768, 4])
[2m[36m(func pid=28592)[0m 6
[2m[36m(func pid=28592)[0m torch.Size([768, 4])
[2m[36m(func pid=28592)[0m 6
[2m[36m(func pid=28592)[0m torch.Size([768])
[2m[36m(func pid=28592)[0m 6
[2m[36m(func pid=28592)[0m torch.Size([768, 4])
[2m[36m(func pid=28592)[0m 6
[2m[36m(func pid=28592)[0m torch.Size([768, 4])
[2m[36m(func pid=28592)[0m 6
[2m[36m(func pid=28592)[0m torch.Size([768])
[2m[36m(func pid=28592)[0m 6
[2m[36m(func pid=28592)[0m torch.Size([768, 4])
[2m[36m(func pid=28592)[0m 6
[2m[36m(func pid=28592)[0m torch.Size([768, 4])
[2m[36m(func pid=28592)[0m 6
[2m[36m(func pid=28592)[0m torch.Size([768])
[2m[36m(func pid=28592)[0m 6
[2m[36m(func pid=28592)[0m torch.Size([768, 4])
[2m[36m(func pid=28592)[0m 6
[2m[36m(func pid=28592)[0m torch.Size([768, 4])
[2m[36m(func pid=28592)[0m 6
[2m[36m(func pid=28592)[0m torch.Size([768])
[2m[36m(func pid=28592)[0m 6
[2m[36m(func pid=28592)[0m torch.Size([768, 4])
[2m[36m(func pid=28592)[0m 6
[2m[36m(func pid=28592)[0m torch.Size([768, 4])
[2m[36m(func pid=28592)[0m 6
[2m[36m(func pid=28592)[0m torch.Size([768])
[2m[36m(func pid=28592)[0m 6
[2m[36m(func pid=28592)[0m torch.Size([768, 4])
[2m[36m(func pid=28592)[0m 6
[2m[36m(func pid=28592)[0m torch.Size([768, 4])
[2m[36m(func pid=28592)[0m 6
[2m[36m(func pid=28592)[0m torch.Size([768])
[2m[36m(func pid=28592)[0m 6
[2m[36m(func pid=28592)[0m torch.Size([768, 4])
[2m[36m(func pid=28592)[0m 6
[2m[36m(func pid=28592)[0m torch.Size([768, 4])
[2m[36m(func pid=28592)[0m 6
[2m[36m(func pid=28592)[0m torch.Size([768])
[2m[36m(func pid=28592)[0m 6
[2m[36m(func pid=28592)[0m torch.Size([768, 4])
[2m[36m(func pid=28592)[0m 6
[2m[36m(func pid=28592)[0m torch.Size([768, 4])
[2m[36m(func pid=28592)[0m 6
[2m[36m(func pid=28592)[0m torch.Size([768])
[2m[36m(func pid=28592)[0m 6
[2m[36m(func pid=28592)[0m torch.Size([768, 4])
[2m[36m(func pid=28592)[0m 6
[2m[36m(func pid=28592)[0m torch.Size([768, 4])
[2m[36m(func pid=28592)[0m Epoch: [0]  [ 40/950]  eta: 0:11:19  lr: 0.000004  loss: 7.1328 (5.9397)  loss_proposal_cls: 0.2421 (0.2926)  loss_proposal_reg: 0.8393 (1.2748)  loss_box_cls: 0.3223 (0.4604)  loss_box_reg: 0.1229 (0.1284)  sim_loss: 4.2116 (3.0576)  loss_rpn_reg: 0.0157 (0.0343)  loss_rpn_cls: 0.6884 (0.6916)  time: 0.6714  data: 0.0207  max mem: 10382
[2m[36m(func pid=28592)[0m 6
[2m[36m(func pid=28592)[0m torch.Size([768])
[2m[36m(func pid=28592)[0m 6
[2m[36m(func pid=28592)[0m torch.Size([768, 4])
[2m[36m(func pid=28592)[0m 6
[2m[36m(func pid=28592)[0m torch.Size([768, 4])
[2m[36m(func pid=28592)[0m 6
[2m[36m(func pid=28592)[0m torch.Size([768])
[2m[36m(func pid=28592)[0m 6
[2m[36m(func pid=28592)[0m torch.Size([768, 4])
[2m[36m(func pid=28592)[0m 6
[2m[36m(func pid=28592)[0m torch.Size([768, 4])
[2m[36m(func pid=28592)[0m 6
[2m[36m(func pid=28592)[0m torch.Size([768])
[2m[36m(func pid=28592)[0m 6
[2m[36m(func pid=28592)[0m torch.Size([768, 4])
[2m[36m(func pid=28592)[0m 6
[2m[36m(func pid=28592)[0m torch.Size([768, 4])
[2m[36m(func pid=28592)[0m 6
[2m[36m(func pid=28592)[0m torch.Size([768])
[2m[36m(func pid=28592)[0m 6
[2m[36m(func pid=28592)[0m torch.Size([768, 4])
[2m[36m(func pid=28592)[0m 6
[2m[36m(func pid=28592)[0m torch.Size([768, 4])
[2m[36m(func pid=28592)[0m 6
[2m[36m(func pid=28592)[0m torch.Size([768])
[2m[36m(func pid=28592)[0m 6
[2m[36m(func pid=28592)[0m torch.Size([768, 4])
[2m[36m(func pid=28592)[0m 6
[2m[36m(func pid=28592)[0m torch.Size([768, 4])
[2m[36m(func pid=28592)[0m 6
[2m[36m(func pid=28592)[0m torch.Size([768])
[2m[36m(func pid=28592)[0m 6
[2m[36m(func pid=28592)[0m torch.Size([768, 4])
[2m[36m(func pid=28592)[0m 6
[2m[36m(func pid=28592)[0m torch.Size([768, 4])
[2m[36m(func pid=28592)[0m 6
[2m[36m(func pid=28592)[0m torch.Size([768])
[2m[36m(func pid=28592)[0m 6
[2m[36m(func pid=28592)[0m torch.Size([768, 4])
[2m[36m(func pid=28592)[0m 6
[2m[36m(func pid=28592)[0m torch.Size([768, 4])
[2m[36m(func pid=28592)[0m 6
[2m[36m(func pid=28592)[0m torch.Size([768])
[2m[36m(func pid=28592)[0m 6
[2m[36m(func pid=28592)[0m torch.Size([768, 4])
[2m[36m(func pid=28592)[0m 6
[2m[36m(func pid=28592)[0m torch.Size([768, 4])
[2m[36m(func pid=28592)[0m 6
[2m[36m(func pid=28592)[0m torch.Size([768])
[2m[36m(func pid=28592)[0m 6
[2m[36m(func pid=28592)[0m torch.Size([768, 4])
[2m[36m(func pid=28592)[0m 6
[2m[36m(func pid=28592)[0m torch.Size([768, 4])
[2m[36m(func pid=28592)[0m 6
[2m[36m(func pid=28592)[0m torch.Size([768])
[2m[36m(func pid=28592)[0m 6
[2m[36m(func pid=28592)[0m torch.Size([768, 4])
[2m[36m(func pid=28592)[0m 6
[2m[36m(func pid=28592)[0m torch.Size([768, 4])
[2m[36m(func pid=28592)[0m 6
[2m[36m(func pid=28592)[0m torch.Size([768])
[2m[36m(func pid=28592)[0m 6
[2m[36m(func pid=28592)[0m torch.Size([768, 4])
[2m[36m(func pid=28592)[0m 6
[2m[36m(func pid=28592)[0m torch.Size([768, 4])
[2m[36m(func pid=28592)[0m 6
[2m[36m(func pid=28592)[0m torch.Size([768])
[2m[36m(func pid=28592)[0m 6
[2m[36m(func pid=28592)[0m torch.Size([768, 4])
[2m[36m(func pid=28592)[0m 6
[2m[36m(func pid=28592)[0m torch.Size([768, 4])
[2m[36m(func pid=28592)[0m 6
[2m[36m(func pid=28592)[0m torch.Size([768])
[2m[36m(func pid=28592)[0m 6
[2m[36m(func pid=28592)[0m torch.Size([768, 4])
[2m[36m(func pid=28592)[0m 6
[2m[36m(func pid=28592)[0m torch.Size([768, 4])
[2m[36m(func pid=28592)[0m 6
[2m[36m(func pid=28592)[0m torch.Size([768])
[2m[36m(func pid=28592)[0m 6
[2m[36m(func pid=28592)[0m torch.Size([768, 4])
[2m[36m(func pid=28592)[0m 6
[2m[36m(func pid=28592)[0m torch.Size([768, 4])
[2m[36m(func pid=28592)[0m 6
[2m[36m(func pid=28592)[0m torch.Size([768])
[2m[36m(func pid=28592)[0m 6
[2m[36m(func pid=28592)[0m torch.Size([768, 4])
[2m[36m(func pid=28592)[0m 6
[2m[36m(func pid=28592)[0m torch.Size([768, 4])
[2m[36m(func pid=28592)[0m 6
[2m[36m(func pid=28592)[0m torch.Size([768])
[2m[36m(func pid=28592)[0m 6
[2m[36m(func pid=28592)[0m torch.Size([768, 4])
[2m[36m(func pid=28592)[0m 6
[2m[36m(func pid=28592)[0m torch.Size([768, 4])
[2m[36m(func pid=28592)[0m 6
[2m[36m(func pid=28592)[0m torch.Size([768])
[2m[36m(func pid=28592)[0m 6
[2m[36m(func pid=28592)[0m torch.Size([768, 4])
[2m[36m(func pid=28592)[0m 6
[2m[36m(func pid=28592)[0m torch.Size([768, 4])
[2m[36m(func pid=28592)[0m 6
[2m[36m(func pid=28592)[0m torch.Size([768])
[2m[36m(func pid=28592)[0m 6
[2m[36m(func pid=28592)[0m torch.Size([768, 4])
[2m[36m(func pid=28592)[0m 6
[2m[36m(func pid=28592)[0m torch.Size([768, 4])
[2m[36m(func pid=28592)[0m 6
[2m[36m(func pid=28592)[0m torch.Size([768])
[2m[36m(func pid=28592)[0m 6
[2m[36m(func pid=28592)[0m torch.Size([768, 4])
[2m[36m(func pid=28592)[0m 6
[2m[36m(func pid=28592)[0m torch.Size([768, 4])
[2m[36m(func pid=28592)[0m 6
[2m[36m(func pid=28592)[0m torch.Size([768])
[2m[36m(func pid=28592)[0m 6
[2m[36m(func pid=28592)[0m torch.Size([768, 4])
[2m[36m(func pid=28592)[0m 6
[2m[36m(func pid=28592)[0m torch.Size([768, 4])
[2m[36m(func pid=28592)[0m Epoch: [0]  [ 60/950]  eta: 0:10:40  lr: 0.000007  loss: 6.6069 (6.0994)  loss_proposal_cls: 0.1932 (0.2605)  loss_proposal_reg: 0.8249 (1.1521)  loss_box_cls: 0.2488 (0.3890)  loss_box_reg: 0.1079 (0.1247)  sim_loss: 4.3888 (3.4573)  loss_rpn_reg: 0.0127 (0.0295)  loss_rpn_cls: 0.6756 (0.6864)  time: 0.6658  data: 0.0201  max mem: 10382
[2m[36m(func pid=28592)[0m 6
[2m[36m(func pid=28592)[0m torch.Size([768])
[2m[36m(func pid=28592)[0m 6
[2m[36m(func pid=28592)[0m torch.Size([768, 4])
[2m[36m(func pid=28592)[0m 6
[2m[36m(func pid=28592)[0m torch.Size([768, 4])
[2m[36m(func pid=28592)[0m 6
[2m[36m(func pid=28592)[0m torch.Size([768])
[2m[36m(func pid=28592)[0m 6
[2m[36m(func pid=28592)[0m torch.Size([768, 4])
[2m[36m(func pid=28592)[0m 6
[2m[36m(func pid=28592)[0m torch.Size([768, 4])
[2m[36m(func pid=28592)[0m 6
[2m[36m(func pid=28592)[0m torch.Size([768])
[2m[36m(func pid=28592)[0m 6
[2m[36m(func pid=28592)[0m torch.Size([768, 4])
[2m[36m(func pid=28592)[0m 6
[2m[36m(func pid=28592)[0m torch.Size([768, 4])
[2m[36m(func pid=28592)[0m 6
[2m[36m(func pid=28592)[0m torch.Size([768])
[2m[36m(func pid=28592)[0m 6
[2m[36m(func pid=28592)[0m torch.Size([768, 4])
[2m[36m(func pid=28592)[0m 6
[2m[36m(func pid=28592)[0m torch.Size([768, 4])
[2m[36m(func pid=28592)[0m 6
[2m[36m(func pid=28592)[0m torch.Size([768])
[2m[36m(func pid=28592)[0m 6
[2m[36m(func pid=28592)[0m torch.Size([768, 4])
[2m[36m(func pid=28592)[0m 6
[2m[36m(func pid=28592)[0m torch.Size([768, 4])
[2m[36m(func pid=28592)[0m 6
[2m[36m(func pid=28592)[0m torch.Size([768])
[2m[36m(func pid=28592)[0m 6
[2m[36m(func pid=28592)[0m torch.Size([768, 4])
[2m[36m(func pid=28592)[0m 6
[2m[36m(func pid=28592)[0m torch.Size([768, 4])
[2m[36m(func pid=28592)[0m 6
[2m[36m(func pid=28592)[0m torch.Size([768])
[2m[36m(func pid=28592)[0m 6
[2m[36m(func pid=28592)[0m torch.Size([768, 4])
[2m[36m(func pid=28592)[0m 6
[2m[36m(func pid=28592)[0m torch.Size([768, 4])
[2m[36m(func pid=28592)[0m 6
[2m[36m(func pid=28592)[0m torch.Size([768])
[2m[36m(func pid=28592)[0m 6
[2m[36m(func pid=28592)[0m torch.Size([768, 4])
[2m[36m(func pid=28592)[0m 6
[2m[36m(func pid=28592)[0m torch.Size([768, 4])
[2m[36m(func pid=28592)[0m 6
[2m[36m(func pid=28592)[0m torch.Size([768])
[2m[36m(func pid=28592)[0m 6
[2m[36m(func pid=28592)[0m torch.Size([768, 4])
[2m[36m(func pid=28592)[0m 6
[2m[36m(func pid=28592)[0m torch.Size([768, 4])
[2m[36m(func pid=28592)[0m 6
[2m[36m(func pid=28592)[0m torch.Size([768])
[2m[36m(func pid=28592)[0m 6
[2m[36m(func pid=28592)[0m torch.Size([768, 4])
[2m[36m(func pid=28592)[0m 6
[2m[36m(func pid=28592)[0m torch.Size([768, 4])
[2m[36m(func pid=28592)[0m 6
[2m[36m(func pid=28592)[0m torch.Size([768])
[2m[36m(func pid=28592)[0m 6
[2m[36m(func pid=28592)[0m torch.Size([768, 4])
[2m[36m(func pid=28592)[0m 6
[2m[36m(func pid=28592)[0m torch.Size([768, 4])
[2m[36m(func pid=28592)[0m 6
[2m[36m(func pid=28592)[0m torch.Size([768])
[2m[36m(func pid=28592)[0m 6
[2m[36m(func pid=28592)[0m torch.Size([768, 4])
[2m[36m(func pid=28592)[0m 6
[2m[36m(func pid=28592)[0m torch.Size([768, 4])
== Status ==
Current time: 2023-03-20 00:18:18 (running for 00:01:00.62)
Memory usage on this node: 6.7/39.3 GiB
Using FIFO scheduling algorithm.
Resources requested: 4.0/8 CPUs, 1.0/1 GPUs, 0.0/22.17 GiB heap, 0.0/11.08 GiB objects (0.0/1.0 accelerator_type:V100)
Result logdir: /home/ubuntu/GFN-1.1.0/logging/prw_final
Number of trials: 1/1 (1 RUNNING)
+----------------------------------------------+----------+------------------+
| Trial name                                   | status   | loc              |
|----------------------------------------------+----------+------------------|
| WrappedDistributedTorchTrainable_84752_00000 | RUNNING  | 172.16.0.5:28522 |
+----------------------------------------------+----------+------------------+


[2m[36m(func pid=28592)[0m 6
[2m[36m(func pid=28592)[0m torch.Size([768])
[2m[36m(func pid=28592)[0m 6
[2m[36m(func pid=28592)[0m torch.Size([768, 4])
[2m[36m(func pid=28592)[0m 6
[2m[36m(func pid=28592)[0m torch.Size([768, 4])
[2m[36m(func pid=28592)[0m 6
[2m[36m(func pid=28592)[0m torch.Size([768])
[2m[36m(func pid=28592)[0m 6
[2m[36m(func pid=28592)[0m torch.Size([768, 4])
[2m[36m(func pid=28592)[0m 6
[2m[36m(func pid=28592)[0m torch.Size([768, 4])
[2m[36m(func pid=28592)[0m 6
[2m[36m(func pid=28592)[0m torch.Size([768])
[2m[36m(func pid=28592)[0m 6
[2m[36m(func pid=28592)[0m torch.Size([768, 4])
[2m[36m(func pid=28592)[0m 6
[2m[36m(func pid=28592)[0m torch.Size([768, 4])
[2m[36m(func pid=28592)[0m 6
[2m[36m(func pid=28592)[0m torch.Size([768])
[2m[36m(func pid=28592)[0m 6
[2m[36m(func pid=28592)[0m torch.Size([768, 4])
[2m[36m(func pid=28592)[0m 6
[2m[36m(func pid=28592)[0m torch.Size([768, 4])
[2m[36m(func pid=28592)[0m 6
[2m[36m(func pid=28592)[0m torch.Size([768])
[2m[36m(func pid=28592)[0m 6
[2m[36m(func pid=28592)[0m torch.Size([768, 4])
[2m[36m(func pid=28592)[0m 6
[2m[36m(func pid=28592)[0m torch.Size([768, 4])
[2m[36m(func pid=28592)[0m 6
[2m[36m(func pid=28592)[0m torch.Size([768])
[2m[36m(func pid=28592)[0m 6
[2m[36m(func pid=28592)[0m torch.Size([768, 4])
[2m[36m(func pid=28592)[0m 6
[2m[36m(func pid=28592)[0m torch.Size([768, 4])
[2m[36m(func pid=28592)[0m 6
[2m[36m(func pid=28592)[0m torch.Size([768])
[2m[36m(func pid=28592)[0m 6
[2m[36m(func pid=28592)[0m torch.Size([768, 4])
[2m[36m(func pid=28592)[0m 6
[2m[36m(func pid=28592)[0m torch.Size([768, 4])
[2m[36m(func pid=28592)[0m 6
[2m[36m(func pid=28592)[0m torch.Size([768])
[2m[36m(func pid=28592)[0m 6
[2m[36m(func pid=28592)[0m torch.Size([768, 4])
[2m[36m(func pid=28592)[0m 6
[2m[36m(func pid=28592)[0m torch.Size([768, 4])
[2m[36m(func pid=28592)[0m Epoch: [0]  [ 80/950]  eta: 0:10:15  lr: 0.000009  loss: 7.1486 (6.3593)  loss_proposal_cls: 0.1739 (0.2399)  loss_proposal_reg: 0.9798 (1.1180)  loss_box_cls: 0.2401 (0.3535)  loss_box_reg: 0.1231 (0.1249)  sim_loss: 4.7646 (3.8081)  loss_rpn_reg: 0.0235 (0.0364)  loss_rpn_cls: 0.6551 (0.6786)  time: 0.6687  data: 0.0200  max mem: 10382
[2m[36m(func pid=28592)[0m 6
[2m[36m(func pid=28592)[0m torch.Size([768])
[2m[36m(func pid=28592)[0m 6
[2m[36m(func pid=28592)[0m torch.Size([768, 4])
[2m[36m(func pid=28592)[0m 6
[2m[36m(func pid=28592)[0m torch.Size([768, 4])
[2m[36m(func pid=28592)[0m 6
[2m[36m(func pid=28592)[0m torch.Size([768])
[2m[36m(func pid=28592)[0m 6
[2m[36m(func pid=28592)[0m torch.Size([768, 4])
[2m[36m(func pid=28592)[0m 6
[2m[36m(func pid=28592)[0m torch.Size([768, 4])
[2m[36m(func pid=28592)[0m 6
[2m[36m(func pid=28592)[0m torch.Size([768])
[2m[36m(func pid=28592)[0m 6
[2m[36m(func pid=28592)[0m torch.Size([768, 4])
[2m[36m(func pid=28592)[0m 6
[2m[36m(func pid=28592)[0m torch.Size([768, 4])
[2m[36m(func pid=28592)[0m 6
[2m[36m(func pid=28592)[0m torch.Size([768])
[2m[36m(func pid=28592)[0m 6
[2m[36m(func pid=28592)[0m torch.Size([768, 4])
[2m[36m(func pid=28592)[0m 6
[2m[36m(func pid=28592)[0m torch.Size([768, 4])
[2m[36m(func pid=28592)[0m 6
[2m[36m(func pid=28592)[0m torch.Size([768])
[2m[36m(func pid=28592)[0m 6
[2m[36m(func pid=28592)[0m torch.Size([768, 4])
[2m[36m(func pid=28592)[0m 6
[2m[36m(func pid=28592)[0m torch.Size([768, 4])
[2m[36m(func pid=28592)[0m 6
[2m[36m(func pid=28592)[0m torch.Size([768])
[2m[36m(func pid=28592)[0m 6
[2m[36m(func pid=28592)[0m torch.Size([768, 4])
[2m[36m(func pid=28592)[0m 6
[2m[36m(func pid=28592)[0m torch.Size([768, 4])
[2m[36m(func pid=28592)[0m 6
[2m[36m(func pid=28592)[0m torch.Size([768])
[2m[36m(func pid=28592)[0m 6
[2m[36m(func pid=28592)[0m torch.Size([768, 4])
[2m[36m(func pid=28592)[0m 6
[2m[36m(func pid=28592)[0m torch.Size([768, 4])
[2m[36m(func pid=28592)[0m 6
[2m[36m(func pid=28592)[0m torch.Size([768])
[2m[36m(func pid=28592)[0m 6
[2m[36m(func pid=28592)[0m torch.Size([768, 4])
[2m[36m(func pid=28592)[0m 6
[2m[36m(func pid=28592)[0m torch.Size([768, 4])
[2m[36m(func pid=28592)[0m 6
[2m[36m(func pid=28592)[0m torch.Size([768])
[2m[36m(func pid=28592)[0m 6
[2m[36m(func pid=28592)[0m torch.Size([768, 4])
[2m[36m(func pid=28592)[0m 6
[2m[36m(func pid=28592)[0m torch.Size([768, 4])
[2m[36m(func pid=28592)[0m 6
[2m[36m(func pid=28592)[0m torch.Size([768])
[2m[36m(func pid=28592)[0m 6
[2m[36m(func pid=28592)[0m torch.Size([768, 4])
[2m[36m(func pid=28592)[0m 6
[2m[36m(func pid=28592)[0m torch.Size([768, 4])
[2m[36m(func pid=28592)[0m 6
[2m[36m(func pid=28592)[0m torch.Size([768])
[2m[36m(func pid=28592)[0m 6
[2m[36m(func pid=28592)[0m torch.Size([768, 4])
[2m[36m(func pid=28592)[0m 6
[2m[36m(func pid=28592)[0m torch.Size([768, 4])
[2m[36m(func pid=28592)[0m 6
[2m[36m(func pid=28592)[0m torch.Size([768])
[2m[36m(func pid=28592)[0m 6
[2m[36m(func pid=28592)[0m torch.Size([768, 4])
[2m[36m(func pid=28592)[0m 6
[2m[36m(func pid=28592)[0m torch.Size([768, 4])
[2m[36m(func pid=28592)[0m 6
[2m[36m(func pid=28592)[0m torch.Size([768])
[2m[36m(func pid=28592)[0m 6
[2m[36m(func pid=28592)[0m torch.Size([768, 4])
[2m[36m(func pid=28592)[0m 6
[2m[36m(func pid=28592)[0m torch.Size([768, 4])
[2m[36m(func pid=28592)[0m 6
[2m[36m(func pid=28592)[0m torch.Size([768])
[2m[36m(func pid=28592)[0m 6
[2m[36m(func pid=28592)[0m torch.Size([768, 4])
[2m[36m(func pid=28592)[0m 6
[2m[36m(func pid=28592)[0m torch.Size([768, 4])
[2m[36m(func pid=28592)[0m 6
[2m[36m(func pid=28592)[0m torch.Size([768])
[2m[36m(func pid=28592)[0m 6
[2m[36m(func pid=28592)[0m torch.Size([768, 4])
[2m[36m(func pid=28592)[0m 6
[2m[36m(func pid=28592)[0m torch.Size([768, 4])
[2m[36m(func pid=28592)[0m 6
[2m[36m(func pid=28592)[0m torch.Size([768])
[2m[36m(func pid=28592)[0m 6
[2m[36m(func pid=28592)[0m torch.Size([768, 4])
[2m[36m(func pid=28592)[0m 6
[2m[36m(func pid=28592)[0m torch.Size([768, 4])
[2m[36m(func pid=28592)[0m 6
[2m[36m(func pid=28592)[0m torch.Size([768])
[2m[36m(func pid=28592)[0m 6
[2m[36m(func pid=28592)[0m torch.Size([768, 4])
[2m[36m(func pid=28592)[0m 6
[2m[36m(func pid=28592)[0m torch.Size([768, 4])
[2m[36m(func pid=28592)[0m 6
[2m[36m(func pid=28592)[0m torch.Size([768])
[2m[36m(func pid=28592)[0m 6
[2m[36m(func pid=28592)[0m torch.Size([768, 4])
[2m[36m(func pid=28592)[0m 6
[2m[36m(func pid=28592)[0m torch.Size([768, 4])
[2m[36m(func pid=28592)[0m 6
[2m[36m(func pid=28592)[0m torch.Size([768])
[2m[36m(func pid=28592)[0m 6
[2m[36m(func pid=28592)[0m torch.Size([768, 4])
[2m[36m(func pid=28592)[0m 6
[2m[36m(func pid=28592)[0m torch.Size([768, 4])
[2m[36m(func pid=28592)[0m 6
[2m[36m(func pid=28592)[0m torch.Size([768])
[2m[36m(func pid=28592)[0m 6
[2m[36m(func pid=28592)[0m torch.Size([768, 4])
[2m[36m(func pid=28592)[0m 6
[2m[36m(func pid=28592)[0m torch.Size([768, 4])
[2m[36m(func pid=28592)[0m Epoch: [0]  [100/950]  eta: 0:09:57  lr: 0.000011  loss: 6.7362 (6.4804)  loss_proposal_cls: 0.1364 (0.2199)  loss_proposal_reg: 0.9185 (1.0796)  loss_box_cls: 0.2017 (0.3243)  loss_box_reg: 0.1135 (0.1231)  sim_loss: 4.6228 (4.0306)  loss_rpn_reg: 0.0196 (0.0362)  loss_rpn_cls: 0.6160 (0.6667)  time: 0.6835  data: 0.0217  max mem: 10382
[2m[36m(func pid=28592)[0m 6
[2m[36m(func pid=28592)[0m torch.Size([768])
[2m[36m(func pid=28592)[0m 6
[2m[36m(func pid=28592)[0m torch.Size([768, 4])
[2m[36m(func pid=28592)[0m 6
[2m[36m(func pid=28592)[0m torch.Size([768, 4])
[2m[36m(func pid=28592)[0m 6
[2m[36m(func pid=28592)[0m torch.Size([768])
[2m[36m(func pid=28592)[0m 6
[2m[36m(func pid=28592)[0m torch.Size([768, 4])
[2m[36m(func pid=28592)[0m 6
[2m[36m(func pid=28592)[0m torch.Size([768, 4])
[2m[36m(func pid=28592)[0m 6
[2m[36m(func pid=28592)[0m torch.Size([768])
[2m[36m(func pid=28592)[0m 6
[2m[36m(func pid=28592)[0m torch.Size([768, 4])
[2m[36m(func pid=28592)[0m 6
[2m[36m(func pid=28592)[0m torch.Size([768, 4])
[2m[36m(func pid=28592)[0m 6
[2m[36m(func pid=28592)[0m torch.Size([768])
[2m[36m(func pid=28592)[0m 6
[2m[36m(func pid=28592)[0m torch.Size([768, 4])
[2m[36m(func pid=28592)[0m 6
[2m[36m(func pid=28592)[0m torch.Size([768, 4])
[2m[36m(func pid=28592)[0m 6
[2m[36m(func pid=28592)[0m torch.Size([768])
[2m[36m(func pid=28592)[0m 6
[2m[36m(func pid=28592)[0m torch.Size([768, 4])
[2m[36m(func pid=28592)[0m 6
[2m[36m(func pid=28592)[0m torch.Size([768, 4])
[2m[36m(func pid=28592)[0m 6
[2m[36m(func pid=28592)[0m torch.Size([768])
[2m[36m(func pid=28592)[0m 6
[2m[36m(func pid=28592)[0m torch.Size([768, 4])
[2m[36m(func pid=28592)[0m 6
[2m[36m(func pid=28592)[0m torch.Size([768, 4])
[2m[36m(func pid=28592)[0m 6
[2m[36m(func pid=28592)[0m torch.Size([768])
[2m[36m(func pid=28592)[0m 6
[2m[36m(func pid=28592)[0m torch.Size([768, 4])
[2m[36m(func pid=28592)[0m 6
[2m[36m(func pid=28592)[0m torch.Size([768, 4])
[2m[36m(func pid=28592)[0m 6
[2m[36m(func pid=28592)[0m torch.Size([768])
[2m[36m(func pid=28592)[0m 6
[2m[36m(func pid=28592)[0m torch.Size([768, 4])
[2m[36m(func pid=28592)[0m 6
[2m[36m(func pid=28592)[0m torch.Size([768, 4])
[2m[36m(func pid=28592)[0m 6
[2m[36m(func pid=28592)[0m torch.Size([768])
[2m[36m(func pid=28592)[0m 6
[2m[36m(func pid=28592)[0m torch.Size([768, 4])
[2m[36m(func pid=28592)[0m 6
[2m[36m(func pid=28592)[0m torch.Size([768, 4])
[2m[36m(func pid=28592)[0m 6
[2m[36m(func pid=28592)[0m torch.Size([768])
[2m[36m(func pid=28592)[0m 6
[2m[36m(func pid=28592)[0m torch.Size([768, 4])
[2m[36m(func pid=28592)[0m 6
[2m[36m(func pid=28592)[0m torch.Size([768, 4])
[2m[36m(func pid=28592)[0m 6
[2m[36m(func pid=28592)[0m torch.Size([768])
[2m[36m(func pid=28592)[0m 6
[2m[36m(func pid=28592)[0m torch.Size([768, 4])
[2m[36m(func pid=28592)[0m 6
[2m[36m(func pid=28592)[0m torch.Size([768, 4])
[2m[36m(func pid=28592)[0m 6
[2m[36m(func pid=28592)[0m torch.Size([768])
[2m[36m(func pid=28592)[0m 6
[2m[36m(func pid=28592)[0m torch.Size([768, 4])
[2m[36m(func pid=28592)[0m 6
[2m[36m(func pid=28592)[0m torch.Size([768, 4])
[2m[36m(func pid=28592)[0m 6
[2m[36m(func pid=28592)[0m torch.Size([768])
[2m[36m(func pid=28592)[0m 6
[2m[36m(func pid=28592)[0m torch.Size([768, 4])
[2m[36m(func pid=28592)[0m 6
[2m[36m(func pid=28592)[0m torch.Size([768, 4])
[2m[36m(func pid=28592)[0m 6
[2m[36m(func pid=28592)[0m torch.Size([768])
[2m[36m(func pid=28592)[0m 6
[2m[36m(func pid=28592)[0m torch.Size([768, 4])
[2m[36m(func pid=28592)[0m 6
[2m[36m(func pid=28592)[0m torch.Size([768, 4])
[2m[36m(func pid=28592)[0m 6
[2m[36m(func pid=28592)[0m torch.Size([768])
[2m[36m(func pid=28592)[0m 6
[2m[36m(func pid=28592)[0m torch.Size([768, 4])
[2m[36m(func pid=28592)[0m 6
[2m[36m(func pid=28592)[0m torch.Size([768, 4])
[2m[36m(func pid=28592)[0m 6
[2m[36m(func pid=28592)[0m torch.Size([768])
[2m[36m(func pid=28592)[0m 6
[2m[36m(func pid=28592)[0m torch.Size([768, 4])
[2m[36m(func pid=28592)[0m 6
[2m[36m(func pid=28592)[0m torch.Size([768, 4])
[2m[36m(func pid=28592)[0m 6
[2m[36m(func pid=28592)[0m torch.Size([768])
[2m[36m(func pid=28592)[0m 6
[2m[36m(func pid=28592)[0m torch.Size([768, 4])
[2m[36m(func pid=28592)[0m 6
[2m[36m(func pid=28592)[0m torch.Size([768, 4])
[2m[36m(func pid=28592)[0m 6
[2m[36m(func pid=28592)[0m torch.Size([768])
[2m[36m(func pid=28592)[0m 6
[2m[36m(func pid=28592)[0m torch.Size([768, 4])
[2m[36m(func pid=28592)[0m 6
[2m[36m(func pid=28592)[0m torch.Size([768, 4])
[2m[36m(func pid=28592)[0m 6
[2m[36m(func pid=28592)[0m torch.Size([768])
[2m[36m(func pid=28592)[0m 6
[2m[36m(func pid=28592)[0m torch.Size([768, 4])
[2m[36m(func pid=28592)[0m 6
[2m[36m(func pid=28592)[0m torch.Size([768, 4])
[2m[36m(func pid=28592)[0m 6
[2m[36m(func pid=28592)[0m torch.Size([768])
[2m[36m(func pid=28592)[0m 6
[2m[36m(func pid=28592)[0m torch.Size([768, 4])
[2m[36m(func pid=28592)[0m 6
[2m[36m(func pid=28592)[0m torch.Size([768, 4])
[2m[36m(func pid=28592)[0m Epoch: [0]  [120/950]  eta: 0:09:40  lr: 0.000013  loss: 5.8859 (6.4659)  loss_proposal_cls: 0.1162 (0.2019)  loss_proposal_reg: 0.8817 (1.0455)  loss_box_cls: 0.1674 (0.2986)  loss_box_reg: 0.1122 (0.1217)  sim_loss: 4.1396 (4.1158)  loss_rpn_reg: 0.0137 (0.0332)  loss_rpn_cls: 0.5626 (0.6493)  time: 0.6848  data: 0.0212  max mem: 10382
[2m[36m(func pid=28592)[0m 6
[2m[36m(func pid=28592)[0m torch.Size([768])
[2m[36m(func pid=28592)[0m 6
[2m[36m(func pid=28592)[0m torch.Size([768, 4])
[2m[36m(func pid=28592)[0m 6
[2m[36m(func pid=28592)[0m torch.Size([768, 4])
[2m[36m(func pid=28592)[0m 6
[2m[36m(func pid=28592)[0m torch.Size([768])
[2m[36m(func pid=28592)[0m 6
[2m[36m(func pid=28592)[0m torch.Size([768, 4])
[2m[36m(func pid=28592)[0m 6
[2m[36m(func pid=28592)[0m torch.Size([768, 4])
[2m[36m(func pid=28592)[0m 6
[2m[36m(func pid=28592)[0m torch.Size([768])
[2m[36m(func pid=28592)[0m 6
[2m[36m(func pid=28592)[0m torch.Size([768, 4])
[2m[36m(func pid=28592)[0m 6
[2m[36m(func pid=28592)[0m torch.Size([768, 4])
[2m[36m(func pid=28592)[0m 6
[2m[36m(func pid=28592)[0m torch.Size([768])
[2m[36m(func pid=28592)[0m 6
[2m[36m(func pid=28592)[0m torch.Size([768, 4])
[2m[36m(func pid=28592)[0m 6
[2m[36m(func pid=28592)[0m torch.Size([768, 4])
[2m[36m(func pid=28592)[0m 6
[2m[36m(func pid=28592)[0m torch.Size([768])
[2m[36m(func pid=28592)[0m 6
[2m[36m(func pid=28592)[0m torch.Size([768, 4])
[2m[36m(func pid=28592)[0m 6
[2m[36m(func pid=28592)[0m torch.Size([768, 4])
[2m[36m(func pid=28592)[0m 6
[2m[36m(func pid=28592)[0m torch.Size([768])
[2m[36m(func pid=28592)[0m 6
[2m[36m(func pid=28592)[0m torch.Size([768, 4])
[2m[36m(func pid=28592)[0m 6
[2m[36m(func pid=28592)[0m torch.Size([768, 4])
[2m[36m(func pid=28592)[0m 6
[2m[36m(func pid=28592)[0m torch.Size([768])
[2m[36m(func pid=28592)[0m 6
[2m[36m(func pid=28592)[0m torch.Size([768, 4])
[2m[36m(func pid=28592)[0m 6
[2m[36m(func pid=28592)[0m torch.Size([768, 4])
[2m[36m(func pid=28592)[0m 6
[2m[36m(func pid=28592)[0m torch.Size([768])
[2m[36m(func pid=28592)[0m 6
[2m[36m(func pid=28592)[0m torch.Size([768, 4])
[2m[36m(func pid=28592)[0m 6
[2m[36m(func pid=28592)[0m torch.Size([768, 4])
[2m[36m(func pid=28592)[0m 6
[2m[36m(func pid=28592)[0m torch.Size([768])
[2m[36m(func pid=28592)[0m 6
[2m[36m(func pid=28592)[0m torch.Size([768, 4])
[2m[36m(func pid=28592)[0m 6
[2m[36m(func pid=28592)[0m torch.Size([768, 4])
[2m[36m(func pid=28592)[0m 6
[2m[36m(func pid=28592)[0m torch.Size([768])
[2m[36m(func pid=28592)[0m 6
[2m[36m(func pid=28592)[0m torch.Size([768, 4])
[2m[36m(func pid=28592)[0m 6
[2m[36m(func pid=28592)[0m torch.Size([768, 4])
[2m[36m(func pid=28592)[0m 6
[2m[36m(func pid=28592)[0m torch.Size([768])
[2m[36m(func pid=28592)[0m 6
[2m[36m(func pid=28592)[0m torch.Size([768, 4])
[2m[36m(func pid=28592)[0m 6
[2m[36m(func pid=28592)[0m torch.Size([768, 4])
[2m[36m(func pid=28592)[0m 6
[2m[36m(func pid=28592)[0m torch.Size([768])
[2m[36m(func pid=28592)[0m 6
[2m[36m(func pid=28592)[0m torch.Size([768, 4])
[2m[36m(func pid=28592)[0m 6
[2m[36m(func pid=28592)[0m torch.Size([768, 4])
[2m[36m(func pid=28592)[0m 6
[2m[36m(func pid=28592)[0m torch.Size([768])
[2m[36m(func pid=28592)[0m 6
[2m[36m(func pid=28592)[0m torch.Size([768, 4])
[2m[36m(func pid=28592)[0m 6
[2m[36m(func pid=28592)[0m torch.Size([768, 4])
[2m[36m(func pid=28592)[0m 6
[2m[36m(func pid=28592)[0m torch.Size([768])
[2m[36m(func pid=28592)[0m 6
[2m[36m(func pid=28592)[0m torch.Size([768, 4])
[2m[36m(func pid=28592)[0m 6
[2m[36m(func pid=28592)[0m torch.Size([768, 4])
[2m[36m(func pid=28592)[0m 6
[2m[36m(func pid=28592)[0m torch.Size([768])
[2m[36m(func pid=28592)[0m 6
[2m[36m(func pid=28592)[0m torch.Size([768, 4])
[2m[36m(func pid=28592)[0m 6
[2m[36m(func pid=28592)[0m torch.Size([768, 4])
[2m[36m(func pid=28592)[0m 6
[2m[36m(func pid=28592)[0m torch.Size([768])
[2m[36m(func pid=28592)[0m 6
[2m[36m(func pid=28592)[0m torch.Size([768, 4])
[2m[36m(func pid=28592)[0m 6
[2m[36m(func pid=28592)[0m torch.Size([768, 4])
[2m[36m(func pid=28592)[0m 6
[2m[36m(func pid=28592)[0m torch.Size([768])
[2m[36m(func pid=28592)[0m 6
[2m[36m(func pid=28592)[0m torch.Size([768, 4])
[2m[36m(func pid=28592)[0m 6
[2m[36m(func pid=28592)[0m torch.Size([768, 4])
[2m[36m(func pid=28592)[0m 6
[2m[36m(func pid=28592)[0m torch.Size([768])
[2m[36m(func pid=28592)[0m 6
[2m[36m(func pid=28592)[0m torch.Size([768, 4])
[2m[36m(func pid=28592)[0m 6
[2m[36m(func pid=28592)[0m torch.Size([768, 4])
[2m[36m(func pid=28592)[0m 6
[2m[36m(func pid=28592)[0m torch.Size([768])
[2m[36m(func pid=28592)[0m 6
[2m[36m(func pid=28592)[0m torch.Size([768, 4])
[2m[36m(func pid=28592)[0m 6
[2m[36m(func pid=28592)[0m torch.Size([768, 4])
[2m[36m(func pid=28592)[0m 6
[2m[36m(func pid=28592)[0m torch.Size([768])
[2m[36m(func pid=28592)[0m 6
[2m[36m(func pid=28592)[0m torch.Size([768, 4])
[2m[36m(func pid=28592)[0m 6
[2m[36m(func pid=28592)[0m torch.Size([768, 4])
[2m[36m(func pid=28592)[0m Epoch: [0]  [140/950]  eta: 0:09:24  lr: 0.000015  loss: 6.0173 (6.3997)  loss_proposal_cls: 0.0773 (0.1846)  loss_proposal_reg: 0.7757 (1.0114)  loss_box_cls: 0.1312 (0.2755)  loss_box_reg: 0.1078 (0.1197)  sim_loss: 4.2654 (4.1508)  loss_rpn_reg: 0.0165 (0.0319)  loss_rpn_cls: 0.4803 (0.6258)  time: 0.6807  data: 0.0217  max mem: 10382
[2m[36m(func pid=28592)[0m 6
[2m[36m(func pid=28592)[0m torch.Size([768])
[2m[36m(func pid=28592)[0m 6
[2m[36m(func pid=28592)[0m torch.Size([768, 4])
[2m[36m(func pid=28592)[0m 6
[2m[36m(func pid=28592)[0m torch.Size([768, 4])
[2m[36m(func pid=28592)[0m 6
[2m[36m(func pid=28592)[0m torch.Size([768])
[2m[36m(func pid=28592)[0m 6
[2m[36m(func pid=28592)[0m torch.Size([768, 4])
[2m[36m(func pid=28592)[0m 6
[2m[36m(func pid=28592)[0m torch.Size([768, 4])
[2m[36m(func pid=28592)[0m 6
[2m[36m(func pid=28592)[0m torch.Size([768])
[2m[36m(func pid=28592)[0m 6
[2m[36m(func pid=28592)[0m torch.Size([768, 4])
[2m[36m(func pid=28592)[0m 6
[2m[36m(func pid=28592)[0m torch.Size([768, 4])
[2m[36m(func pid=28592)[0m 6
[2m[36m(func pid=28592)[0m torch.Size([768])
[2m[36m(func pid=28592)[0m 6
[2m[36m(func pid=28592)[0m torch.Size([768, 4])
[2m[36m(func pid=28592)[0m 6
[2m[36m(func pid=28592)[0m torch.Size([768, 4])
[2m[36m(func pid=28592)[0m 6
[2m[36m(func pid=28592)[0m torch.Size([768])
[2m[36m(func pid=28592)[0m 6
[2m[36m(func pid=28592)[0m torch.Size([768, 4])
[2m[36m(func pid=28592)[0m 6
[2m[36m(func pid=28592)[0m torch.Size([768, 4])
[2m[36m(func pid=28592)[0m 6
[2m[36m(func pid=28592)[0m torch.Size([768])
[2m[36m(func pid=28592)[0m 6
[2m[36m(func pid=28592)[0m torch.Size([768, 4])
[2m[36m(func pid=28592)[0m 6
[2m[36m(func pid=28592)[0m torch.Size([768, 4])
[2m[36m(func pid=28592)[0m 6
[2m[36m(func pid=28592)[0m torch.Size([768])
[2m[36m(func pid=28592)[0m 6
[2m[36m(func pid=28592)[0m torch.Size([768, 4])
[2m[36m(func pid=28592)[0m 6
[2m[36m(func pid=28592)[0m torch.Size([768, 4])
[2m[36m(func pid=28592)[0m 6
[2m[36m(func pid=28592)[0m torch.Size([768])
[2m[36m(func pid=28592)[0m 6
[2m[36m(func pid=28592)[0m torch.Size([768, 4])
[2m[36m(func pid=28592)[0m 6
[2m[36m(func pid=28592)[0m torch.Size([768, 4])
[2m[36m(func pid=28592)[0m 6
[2m[36m(func pid=28592)[0m torch.Size([768])
[2m[36m(func pid=28592)[0m 6
[2m[36m(func pid=28592)[0m torch.Size([768, 4])
[2m[36m(func pid=28592)[0m 6
[2m[36m(func pid=28592)[0m torch.Size([768, 4])
[2m[36m(func pid=28592)[0m 6
[2m[36m(func pid=28592)[0m torch.Size([768])
[2m[36m(func pid=28592)[0m 6
[2m[36m(func pid=28592)[0m torch.Size([768, 4])
[2m[36m(func pid=28592)[0m 6
[2m[36m(func pid=28592)[0m torch.Size([768, 4])
[2m[36m(func pid=28592)[0m 6
[2m[36m(func pid=28592)[0m torch.Size([768])
[2m[36m(func pid=28592)[0m 6
[2m[36m(func pid=28592)[0m torch.Size([768, 4])
[2m[36m(func pid=28592)[0m 6
[2m[36m(func pid=28592)[0m torch.Size([768, 4])
[2m[36m(func pid=28592)[0m 6
[2m[36m(func pid=28592)[0m torch.Size([768])
[2m[36m(func pid=28592)[0m 6
[2m[36m(func pid=28592)[0m torch.Size([768, 4])
[2m[36m(func pid=28592)[0m 6
[2m[36m(func pid=28592)[0m torch.Size([768, 4])
[2m[36m(func pid=28592)[0m 6
[2m[36m(func pid=28592)[0m torch.Size([768])
[2m[36m(func pid=28592)[0m 6
[2m[36m(func pid=28592)[0m torch.Size([768, 4])
[2m[36m(func pid=28592)[0m 6
[2m[36m(func pid=28592)[0m torch.Size([768, 4])
[2m[36m(func pid=28592)[0m 6
[2m[36m(func pid=28592)[0m torch.Size([768])
[2m[36m(func pid=28592)[0m 6
[2m[36m(func pid=28592)[0m torch.Size([768, 4])
[2m[36m(func pid=28592)[0m 6
[2m[36m(func pid=28592)[0m torch.Size([768, 4])
[2m[36m(func pid=28592)[0m 6
[2m[36m(func pid=28592)[0m torch.Size([768])
[2m[36m(func pid=28592)[0m 6
[2m[36m(func pid=28592)[0m torch.Size([768, 4])
[2m[36m(func pid=28592)[0m 6
[2m[36m(func pid=28592)[0m torch.Size([768, 4])
[2m[36m(func pid=28592)[0m 6
[2m[36m(func pid=28592)[0m torch.Size([768])
[2m[36m(func pid=28592)[0m 6
[2m[36m(func pid=28592)[0m torch.Size([768, 4])
[2m[36m(func pid=28592)[0m 6
[2m[36m(func pid=28592)[0m torch.Size([768, 4])
[2m[36m(func pid=28592)[0m 6
[2m[36m(func pid=28592)[0m torch.Size([768])
[2m[36m(func pid=28592)[0m 6
[2m[36m(func pid=28592)[0m torch.Size([768, 4])
[2m[36m(func pid=28592)[0m 6
[2m[36m(func pid=28592)[0m torch.Size([768, 4])
[2m[36m(func pid=28592)[0m 6
[2m[36m(func pid=28592)[0m torch.Size([768])
[2m[36m(func pid=28592)[0m 6
[2m[36m(func pid=28592)[0m torch.Size([768, 4])
[2m[36m(func pid=28592)[0m 6
[2m[36m(func pid=28592)[0m torch.Size([768, 4])
[2m[36m(func pid=28592)[0m 6
[2m[36m(func pid=28592)[0m torch.Size([768])
[2m[36m(func pid=28592)[0m 6
[2m[36m(func pid=28592)[0m torch.Size([768, 4])
[2m[36m(func pid=28592)[0m 6
[2m[36m(func pid=28592)[0m torch.Size([768, 4])
[2m[36m(func pid=28592)[0m 6
[2m[36m(func pid=28592)[0m torch.Size([768])
[2m[36m(func pid=28592)[0m 6
[2m[36m(func pid=28592)[0m torch.Size([768, 4])
[2m[36m(func pid=28592)[0m 6
[2m[36m(func pid=28592)[0m torch.Size([768, 4])
== Status ==
Current time: 2023-03-20 00:19:18 (running for 00:02:00.64)
Memory usage on this node: 6.8/39.3 GiB
Using FIFO scheduling algorithm.
Resources requested: 4.0/8 CPUs, 1.0/1 GPUs, 0.0/22.17 GiB heap, 0.0/11.08 GiB objects (0.0/1.0 accelerator_type:V100)
Result logdir: /home/ubuntu/GFN-1.1.0/logging/prw_final
Number of trials: 1/1 (1 RUNNING)
+----------------------------------------------+----------+------------------+
| Trial name                                   | status   | loc              |
|----------------------------------------------+----------+------------------|
| WrappedDistributedTorchTrainable_84752_00000 | RUNNING  | 172.16.0.5:28522 |
+----------------------------------------------+----------+------------------+


[2m[36m(func pid=28592)[0m Epoch: [0]  [160/950]  eta: 0:09:09  lr: 0.000017  loss: 5.7126 (6.3302)  loss_proposal_cls: 0.0755 (0.1715)  loss_proposal_reg: 0.6835 (0.9840)  loss_box_cls: 0.1356 (0.2586)  loss_box_reg: 0.0993 (0.1178)  sim_loss: 4.2710 (4.1705)  loss_rpn_reg: 0.0169 (0.0320)  loss_rpn_cls: 0.3796 (0.5957)  time: 0.6888  data: 0.0204  max mem: 10382
[2m[36m(func pid=28592)[0m 6
[2m[36m(func pid=28592)[0m torch.Size([768])
[2m[36m(func pid=28592)[0m 6
[2m[36m(func pid=28592)[0m torch.Size([768, 4])
[2m[36m(func pid=28592)[0m 6
[2m[36m(func pid=28592)[0m torch.Size([768, 4])
[2m[36m(func pid=28592)[0m 6
[2m[36m(func pid=28592)[0m torch.Size([768])
[2m[36m(func pid=28592)[0m 6
[2m[36m(func pid=28592)[0m torch.Size([768, 4])
[2m[36m(func pid=28592)[0m 6
[2m[36m(func pid=28592)[0m torch.Size([768, 4])
[2m[36m(func pid=28592)[0m 6
[2m[36m(func pid=28592)[0m torch.Size([768])
[2m[36m(func pid=28592)[0m 6
[2m[36m(func pid=28592)[0m torch.Size([768, 4])
[2m[36m(func pid=28592)[0m 6
[2m[36m(func pid=28592)[0m torch.Size([768, 4])
[2m[36m(func pid=28592)[0m 6
[2m[36m(func pid=28592)[0m torch.Size([768])
[2m[36m(func pid=28592)[0m 6
[2m[36m(func pid=28592)[0m torch.Size([768, 4])
[2m[36m(func pid=28592)[0m 6
[2m[36m(func pid=28592)[0m torch.Size([768, 4])
[2m[36m(func pid=28592)[0m 6
[2m[36m(func pid=28592)[0m torch.Size([768])
[2m[36m(func pid=28592)[0m 6
[2m[36m(func pid=28592)[0m torch.Size([768, 4])
[2m[36m(func pid=28592)[0m 6
[2m[36m(func pid=28592)[0m torch.Size([768, 4])
[2m[36m(func pid=28592)[0m 6
[2m[36m(func pid=28592)[0m torch.Size([768])
[2m[36m(func pid=28592)[0m 6
[2m[36m(func pid=28592)[0m torch.Size([768, 4])
[2m[36m(func pid=28592)[0m 6
[2m[36m(func pid=28592)[0m torch.Size([768, 4])
[2m[36m(func pid=28592)[0m 6
[2m[36m(func pid=28592)[0m torch.Size([768])
[2m[36m(func pid=28592)[0m 6
[2m[36m(func pid=28592)[0m torch.Size([768, 4])
[2m[36m(func pid=28592)[0m 6
[2m[36m(func pid=28592)[0m torch.Size([768, 4])
[2m[36m(func pid=28592)[0m 6
[2m[36m(func pid=28592)[0m torch.Size([768])
[2m[36m(func pid=28592)[0m 6
[2m[36m(func pid=28592)[0m torch.Size([768, 4])
[2m[36m(func pid=28592)[0m 6
[2m[36m(func pid=28592)[0m torch.Size([768, 4])
[2m[36m(func pid=28592)[0m 6
[2m[36m(func pid=28592)[0m torch.Size([768])
[2m[36m(func pid=28592)[0m 6
[2m[36m(func pid=28592)[0m torch.Size([768, 4])
[2m[36m(func pid=28592)[0m 6
[2m[36m(func pid=28592)[0m torch.Size([768, 4])
[2m[36m(func pid=28592)[0m 6
[2m[36m(func pid=28592)[0m torch.Size([768])
[2m[36m(func pid=28592)[0m 6
[2m[36m(func pid=28592)[0m torch.Size([768, 4])
[2m[36m(func pid=28592)[0m 6
[2m[36m(func pid=28592)[0m torch.Size([768, 4])
[2m[36m(func pid=28592)[0m 6
[2m[36m(func pid=28592)[0m torch.Size([768])
[2m[36m(func pid=28592)[0m 6
[2m[36m(func pid=28592)[0m torch.Size([768, 4])
[2m[36m(func pid=28592)[0m 6
[2m[36m(func pid=28592)[0m torch.Size([768, 4])
[2m[36m(func pid=28592)[0m 6
[2m[36m(func pid=28592)[0m torch.Size([768])
[2m[36m(func pid=28592)[0m 6
[2m[36m(func pid=28592)[0m torch.Size([768, 4])
[2m[36m(func pid=28592)[0m 6
[2m[36m(func pid=28592)[0m torch.Size([768, 4])
[2m[36m(func pid=28592)[0m 6
[2m[36m(func pid=28592)[0m torch.Size([768])
[2m[36m(func pid=28592)[0m 6
[2m[36m(func pid=28592)[0m torch.Size([768, 4])
[2m[36m(func pid=28592)[0m 6
[2m[36m(func pid=28592)[0m torch.Size([768, 4])
[2m[36m(func pid=28592)[0m 6
[2m[36m(func pid=28592)[0m torch.Size([768])
[2m[36m(func pid=28592)[0m 6
[2m[36m(func pid=28592)[0m torch.Size([768, 4])
[2m[36m(func pid=28592)[0m 6
[2m[36m(func pid=28592)[0m torch.Size([768, 4])
[2m[36m(func pid=28592)[0m 6
[2m[36m(func pid=28592)[0m torch.Size([768])
[2m[36m(func pid=28592)[0m 6
[2m[36m(func pid=28592)[0m torch.Size([768, 4])
[2m[36m(func pid=28592)[0m 6
[2m[36m(func pid=28592)[0m torch.Size([768, 4])
[2m[36m(func pid=28592)[0m 6
[2m[36m(func pid=28592)[0m torch.Size([768])
[2m[36m(func pid=28592)[0m 6
[2m[36m(func pid=28592)[0m torch.Size([768, 4])
[2m[36m(func pid=28592)[0m 6
[2m[36m(func pid=28592)[0m torch.Size([768, 4])
[2m[36m(func pid=28592)[0m 6
[2m[36m(func pid=28592)[0m torch.Size([768])
[2m[36m(func pid=28592)[0m 6
[2m[36m(func pid=28592)[0m torch.Size([768, 4])
[2m[36m(func pid=28592)[0m 6
[2m[36m(func pid=28592)[0m torch.Size([768, 4])
[2m[36m(func pid=28592)[0m 6
[2m[36m(func pid=28592)[0m torch.Size([768])
[2m[36m(func pid=28592)[0m 6
[2m[36m(func pid=28592)[0m torch.Size([768, 4])
[2m[36m(func pid=28592)[0m 6
[2m[36m(func pid=28592)[0m torch.Size([768, 4])
[2m[36m(func pid=28592)[0m 6
[2m[36m(func pid=28592)[0m torch.Size([768])
[2m[36m(func pid=28592)[0m 6
[2m[36m(func pid=28592)[0m torch.Size([768, 4])
[2m[36m(func pid=28592)[0m 6
[2m[36m(func pid=28592)[0m torch.Size([768, 4])
[2m[36m(func pid=28592)[0m 6
[2m[36m(func pid=28592)[0m torch.Size([768])
[2m[36m(func pid=28592)[0m 6
[2m[36m(func pid=28592)[0m torch.Size([768, 4])
[2m[36m(func pid=28592)[0m 6
[2m[36m(func pid=28592)[0m torch.Size([768, 4])
[2m[36m(func pid=28592)[0m Epoch: [0]  [180/950]  eta: 0:08:55  lr: 0.000019  loss: 5.9060 (6.3018)  loss_proposal_cls: 0.1129 (0.1660)  loss_proposal_reg: 1.0852 (1.0019)  loss_box_cls: 0.1658 (0.2478)  loss_box_reg: 0.1483 (0.1216)  sim_loss: 4.1771 (4.1755)  loss_rpn_reg: 0.0196 (0.0312)  loss_rpn_cls: 0.2557 (0.5579)  time: 0.6868  data: 0.0217  max mem: 10382
[2m[36m(func pid=28592)[0m 6
[2m[36m(func pid=28592)[0m torch.Size([768])
[2m[36m(func pid=28592)[0m 6
[2m[36m(func pid=28592)[0m torch.Size([768, 4])
[2m[36m(func pid=28592)[0m 6
[2m[36m(func pid=28592)[0m torch.Size([768, 4])
[2m[36m(func pid=28592)[0m 6
[2m[36m(func pid=28592)[0m torch.Size([768])
[2m[36m(func pid=28592)[0m 6
[2m[36m(func pid=28592)[0m torch.Size([768, 4])
[2m[36m(func pid=28592)[0m 6
[2m[36m(func pid=28592)[0m torch.Size([768, 4])
[2m[36m(func pid=28592)[0m 6
[2m[36m(func pid=28592)[0m torch.Size([768])
[2m[36m(func pid=28592)[0m 6
[2m[36m(func pid=28592)[0m torch.Size([768, 4])
[2m[36m(func pid=28592)[0m 6
[2m[36m(func pid=28592)[0m torch.Size([768, 4])
[2m[36m(func pid=28592)[0m 6
[2m[36m(func pid=28592)[0m torch.Size([768])
[2m[36m(func pid=28592)[0m 6
[2m[36m(func pid=28592)[0m torch.Size([768, 4])
[2m[36m(func pid=28592)[0m 6
[2m[36m(func pid=28592)[0m torch.Size([768, 4])
[2m[36m(func pid=28592)[0m 6
[2m[36m(func pid=28592)[0m torch.Size([768])
[2m[36m(func pid=28592)[0m 6
[2m[36m(func pid=28592)[0m torch.Size([768, 4])
[2m[36m(func pid=28592)[0m 6
[2m[36m(func pid=28592)[0m torch.Size([768, 4])
[2m[36m(func pid=28592)[0m 6
[2m[36m(func pid=28592)[0m torch.Size([768])
[2m[36m(func pid=28592)[0m 6
[2m[36m(func pid=28592)[0m torch.Size([768, 4])
[2m[36m(func pid=28592)[0m 6
[2m[36m(func pid=28592)[0m torch.Size([768, 4])
[2m[36m(func pid=28592)[0m 6
[2m[36m(func pid=28592)[0m torch.Size([768])
[2m[36m(func pid=28592)[0m 6
[2m[36m(func pid=28592)[0m torch.Size([768, 4])
[2m[36m(func pid=28592)[0m 6
[2m[36m(func pid=28592)[0m torch.Size([768, 4])
[2m[36m(func pid=28592)[0m 6
[2m[36m(func pid=28592)[0m torch.Size([768])
[2m[36m(func pid=28592)[0m 6
[2m[36m(func pid=28592)[0m torch.Size([768, 4])
[2m[36m(func pid=28592)[0m 6
[2m[36m(func pid=28592)[0m torch.Size([768, 4])
[2m[36m(func pid=28592)[0m 6
[2m[36m(func pid=28592)[0m torch.Size([768])
[2m[36m(func pid=28592)[0m 6
[2m[36m(func pid=28592)[0m torch.Size([768, 4])
[2m[36m(func pid=28592)[0m 6
[2m[36m(func pid=28592)[0m torch.Size([768, 4])
[2m[36m(func pid=28592)[0m 6
[2m[36m(func pid=28592)[0m torch.Size([768])
[2m[36m(func pid=28592)[0m 6
[2m[36m(func pid=28592)[0m torch.Size([768, 4])
[2m[36m(func pid=28592)[0m 6
[2m[36m(func pid=28592)[0m torch.Size([768, 4])
[2m[36m(func pid=28592)[0m 6
[2m[36m(func pid=28592)[0m torch.Size([768])
[2m[36m(func pid=28592)[0m 6
[2m[36m(func pid=28592)[0m torch.Size([768, 4])
[2m[36m(func pid=28592)[0m 6
[2m[36m(func pid=28592)[0m torch.Size([768, 4])
[2m[36m(func pid=28592)[0m 6
[2m[36m(func pid=28592)[0m torch.Size([768])
[2m[36m(func pid=28592)[0m 6
[2m[36m(func pid=28592)[0m torch.Size([768, 4])
[2m[36m(func pid=28592)[0m 6
[2m[36m(func pid=28592)[0m torch.Size([768, 4])
[2m[36m(func pid=28592)[0m 6
[2m[36m(func pid=28592)[0m torch.Size([768])
[2m[36m(func pid=28592)[0m 6
[2m[36m(func pid=28592)[0m torch.Size([768, 4])
[2m[36m(func pid=28592)[0m 6
[2m[36m(func pid=28592)[0m torch.Size([768, 4])
[2m[36m(func pid=28592)[0m 6
[2m[36m(func pid=28592)[0m torch.Size([768])
[2m[36m(func pid=28592)[0m 6
[2m[36m(func pid=28592)[0m torch.Size([768, 4])
[2m[36m(func pid=28592)[0m 6
[2m[36m(func pid=28592)[0m torch.Size([768, 4])
[2m[36m(func pid=28592)[0m 6
[2m[36m(func pid=28592)[0m torch.Size([768])
[2m[36m(func pid=28592)[0m 6
[2m[36m(func pid=28592)[0m torch.Size([768, 4])
[2m[36m(func pid=28592)[0m 6
[2m[36m(func pid=28592)[0m torch.Size([768, 4])
[2m[36m(func pid=28592)[0m 6
[2m[36m(func pid=28592)[0m torch.Size([768])
[2m[36m(func pid=28592)[0m 6
[2m[36m(func pid=28592)[0m torch.Size([768, 4])
[2m[36m(func pid=28592)[0m 6
[2m[36m(func pid=28592)[0m torch.Size([768, 4])
[2m[36m(func pid=28592)[0m 6
[2m[36m(func pid=28592)[0m torch.Size([768])
[2m[36m(func pid=28592)[0m 6
[2m[36m(func pid=28592)[0m torch.Size([768, 4])
[2m[36m(func pid=28592)[0m 6
[2m[36m(func pid=28592)[0m torch.Size([768, 4])
[2m[36m(func pid=28592)[0m 6
[2m[36m(func pid=28592)[0m torch.Size([768])
[2m[36m(func pid=28592)[0m 6
[2m[36m(func pid=28592)[0m torch.Size([768, 4])
[2m[36m(func pid=28592)[0m 6
[2m[36m(func pid=28592)[0m torch.Size([768, 4])
[2m[36m(func pid=28592)[0m 6
[2m[36m(func pid=28592)[0m torch.Size([768])
[2m[36m(func pid=28592)[0m 6
[2m[36m(func pid=28592)[0m torch.Size([768, 4])
[2m[36m(func pid=28592)[0m 6
[2m[36m(func pid=28592)[0m torch.Size([768, 4])
[2m[36m(func pid=28592)[0m 6
[2m[36m(func pid=28592)[0m torch.Size([768])
[2m[36m(func pid=28592)[0m 6
[2m[36m(func pid=28592)[0m torch.Size([768, 4])
[2m[36m(func pid=28592)[0m 6
[2m[36m(func pid=28592)[0m torch.Size([768, 4])
[2m[36m(func pid=28592)[0m Epoch: [0]  [200/950]  eta: 0:08:40  lr: 0.000021  loss: 5.7057 (6.2376)  loss_proposal_cls: 0.1072 (0.1611)  loss_proposal_reg: 0.9486 (0.9966)  loss_box_cls: 0.1467 (0.2385)  loss_box_reg: 0.1452 (0.1234)  sim_loss: 3.9967 (4.1679)  loss_rpn_reg: 0.0140 (0.0298)  loss_rpn_cls: 0.1722 (0.5203)  time: 0.6901  data: 0.0210  max mem: 10382
[2m[36m(func pid=28592)[0m 6
[2m[36m(func pid=28592)[0m torch.Size([768])
[2m[36m(func pid=28592)[0m 6
[2m[36m(func pid=28592)[0m torch.Size([768, 4])
[2m[36m(func pid=28592)[0m 6
[2m[36m(func pid=28592)[0m torch.Size([768, 4])
[2m[36m(func pid=28592)[0m 6
[2m[36m(func pid=28592)[0m torch.Size([768])
[2m[36m(func pid=28592)[0m 6
[2m[36m(func pid=28592)[0m torch.Size([768, 4])
[2m[36m(func pid=28592)[0m 6
[2m[36m(func pid=28592)[0m torch.Size([768, 4])
[2m[36m(func pid=28592)[0m 6
[2m[36m(func pid=28592)[0m torch.Size([768])
[2m[36m(func pid=28592)[0m 6
[2m[36m(func pid=28592)[0m torch.Size([768, 4])
[2m[36m(func pid=28592)[0m 6
[2m[36m(func pid=28592)[0m torch.Size([768, 4])
[2m[36m(func pid=28592)[0m 6
[2m[36m(func pid=28592)[0m torch.Size([768])
[2m[36m(func pid=28592)[0m 6
[2m[36m(func pid=28592)[0m torch.Size([768, 4])
[2m[36m(func pid=28592)[0m 6
[2m[36m(func pid=28592)[0m torch.Size([768, 4])
[2m[36m(func pid=28592)[0m 6
[2m[36m(func pid=28592)[0m torch.Size([768])
[2m[36m(func pid=28592)[0m 6
[2m[36m(func pid=28592)[0m torch.Size([768, 4])
[2m[36m(func pid=28592)[0m 6
[2m[36m(func pid=28592)[0m torch.Size([768, 4])
[2m[36m(func pid=28592)[0m 6
[2m[36m(func pid=28592)[0m torch.Size([768])
[2m[36m(func pid=28592)[0m 6
[2m[36m(func pid=28592)[0m torch.Size([768, 4])
[2m[36m(func pid=28592)[0m 6
[2m[36m(func pid=28592)[0m torch.Size([768, 4])
[2m[36m(func pid=28592)[0m 6
[2m[36m(func pid=28592)[0m torch.Size([768])
[2m[36m(func pid=28592)[0m 6
[2m[36m(func pid=28592)[0m torch.Size([768, 4])
[2m[36m(func pid=28592)[0m 6
[2m[36m(func pid=28592)[0m torch.Size([768, 4])
[2m[36m(func pid=28592)[0m 6
[2m[36m(func pid=28592)[0m torch.Size([768])
[2m[36m(func pid=28592)[0m 6
[2m[36m(func pid=28592)[0m torch.Size([768, 4])
[2m[36m(func pid=28592)[0m 6
[2m[36m(func pid=28592)[0m torch.Size([768, 4])
[2m[36m(func pid=28592)[0m 6
[2m[36m(func pid=28592)[0m torch.Size([768])
[2m[36m(func pid=28592)[0m 6
[2m[36m(func pid=28592)[0m torch.Size([768, 4])
[2m[36m(func pid=28592)[0m 6
[2m[36m(func pid=28592)[0m torch.Size([768, 4])
[2m[36m(func pid=28592)[0m 6
[2m[36m(func pid=28592)[0m torch.Size([768])
[2m[36m(func pid=28592)[0m 6
[2m[36m(func pid=28592)[0m torch.Size([768, 4])
[2m[36m(func pid=28592)[0m 6
[2m[36m(func pid=28592)[0m torch.Size([768, 4])
[2m[36m(func pid=28592)[0m 6
[2m[36m(func pid=28592)[0m torch.Size([768])
[2m[36m(func pid=28592)[0m 6
[2m[36m(func pid=28592)[0m torch.Size([768, 4])
[2m[36m(func pid=28592)[0m 6
[2m[36m(func pid=28592)[0m torch.Size([768, 4])
[2m[36m(func pid=28592)[0m 6
[2m[36m(func pid=28592)[0m torch.Size([768])
[2m[36m(func pid=28592)[0m 6
[2m[36m(func pid=28592)[0m torch.Size([768, 4])
[2m[36m(func pid=28592)[0m 6
[2m[36m(func pid=28592)[0m torch.Size([768, 4])
[2m[36m(func pid=28592)[0m 6
[2m[36m(func pid=28592)[0m torch.Size([768])
[2m[36m(func pid=28592)[0m 6
[2m[36m(func pid=28592)[0m torch.Size([768, 4])
[2m[36m(func pid=28592)[0m 6
[2m[36m(func pid=28592)[0m torch.Size([768, 4])
[2m[36m(func pid=28592)[0m 6
[2m[36m(func pid=28592)[0m torch.Size([768])
[2m[36m(func pid=28592)[0m 6
[2m[36m(func pid=28592)[0m torch.Size([768, 4])
[2m[36m(func pid=28592)[0m 6
[2m[36m(func pid=28592)[0m torch.Size([768, 4])
[2m[36m(func pid=28592)[0m 6
[2m[36m(func pid=28592)[0m torch.Size([768])
[2m[36m(func pid=28592)[0m 6
[2m[36m(func pid=28592)[0m torch.Size([768, 4])
[2m[36m(func pid=28592)[0m 6
[2m[36m(func pid=28592)[0m torch.Size([768, 4])
[2m[36m(func pid=28592)[0m 6
[2m[36m(func pid=28592)[0m torch.Size([768])
[2m[36m(func pid=28592)[0m 6
[2m[36m(func pid=28592)[0m torch.Size([768, 4])
[2m[36m(func pid=28592)[0m 6
[2m[36m(func pid=28592)[0m torch.Size([768, 4])
[2m[36m(func pid=28592)[0m 6
[2m[36m(func pid=28592)[0m torch.Size([768])
[2m[36m(func pid=28592)[0m 6
[2m[36m(func pid=28592)[0m torch.Size([768, 4])
[2m[36m(func pid=28592)[0m 6
[2m[36m(func pid=28592)[0m torch.Size([768, 4])
[2m[36m(func pid=28592)[0m 6
[2m[36m(func pid=28592)[0m torch.Size([768])
[2m[36m(func pid=28592)[0m 6
[2m[36m(func pid=28592)[0m torch.Size([768, 4])
[2m[36m(func pid=28592)[0m 6
[2m[36m(func pid=28592)[0m torch.Size([768, 4])
[2m[36m(func pid=28592)[0m 6
[2m[36m(func pid=28592)[0m torch.Size([768])
[2m[36m(func pid=28592)[0m 6
[2m[36m(func pid=28592)[0m torch.Size([768, 4])
[2m[36m(func pid=28592)[0m 6
[2m[36m(func pid=28592)[0m torch.Size([768, 4])
[2m[36m(func pid=28592)[0m 6
[2m[36m(func pid=28592)[0m torch.Size([768])
[2m[36m(func pid=28592)[0m 6
[2m[36m(func pid=28592)[0m torch.Size([768, 4])
[2m[36m(func pid=28592)[0m 6
[2m[36m(func pid=28592)[0m torch.Size([768, 4])
[2m[36m(func pid=28592)[0m Epoch: [0]  [220/950]  eta: 0:08:27  lr: 0.000023  loss: 5.7008 (6.1970)  loss_proposal_cls: 0.1041 (0.1564)  loss_proposal_reg: 0.6989 (0.9900)  loss_box_cls: 0.1424 (0.2306)  loss_box_reg: 0.1296 (0.1249)  sim_loss: 4.0449 (4.1788)  loss_rpn_reg: 0.0148 (0.0289)  loss_rpn_cls: 0.1476 (0.4873)  time: 0.6962  data: 0.0216  max mem: 10382
[2m[36m(func pid=28592)[0m 6
[2m[36m(func pid=28592)[0m torch.Size([768])
[2m[36m(func pid=28592)[0m 6
[2m[36m(func pid=28592)[0m torch.Size([768, 4])
[2m[36m(func pid=28592)[0m 6
[2m[36m(func pid=28592)[0m torch.Size([768, 4])
[2m[36m(func pid=28592)[0m 6
[2m[36m(func pid=28592)[0m torch.Size([768])
[2m[36m(func pid=28592)[0m 6
[2m[36m(func pid=28592)[0m torch.Size([768, 4])
[2m[36m(func pid=28592)[0m 6
[2m[36m(func pid=28592)[0m torch.Size([768, 4])
[2m[36m(func pid=28592)[0m 6
[2m[36m(func pid=28592)[0m torch.Size([768])
[2m[36m(func pid=28592)[0m 6
[2m[36m(func pid=28592)[0m torch.Size([768, 4])
[2m[36m(func pid=28592)[0m 6
[2m[36m(func pid=28592)[0m torch.Size([768, 4])
[2m[36m(func pid=28592)[0m 6
[2m[36m(func pid=28592)[0m torch.Size([768])
[2m[36m(func pid=28592)[0m 6
[2m[36m(func pid=28592)[0m torch.Size([768, 4])
[2m[36m(func pid=28592)[0m 6
[2m[36m(func pid=28592)[0m torch.Size([768, 4])
[2m[36m(func pid=28592)[0m 6
[2m[36m(func pid=28592)[0m torch.Size([768])
[2m[36m(func pid=28592)[0m 6
[2m[36m(func pid=28592)[0m torch.Size([768, 4])
[2m[36m(func pid=28592)[0m 6
[2m[36m(func pid=28592)[0m torch.Size([768, 4])
[2m[36m(func pid=28592)[0m 6
[2m[36m(func pid=28592)[0m torch.Size([768])
[2m[36m(func pid=28592)[0m 6
[2m[36m(func pid=28592)[0m torch.Size([768, 4])
[2m[36m(func pid=28592)[0m 6
[2m[36m(func pid=28592)[0m torch.Size([768, 4])
[2m[36m(func pid=28592)[0m 6
[2m[36m(func pid=28592)[0m torch.Size([768])
[2m[36m(func pid=28592)[0m 6
[2m[36m(func pid=28592)[0m torch.Size([768, 4])
[2m[36m(func pid=28592)[0m 6
[2m[36m(func pid=28592)[0m torch.Size([768, 4])
[2m[36m(func pid=28592)[0m 6
[2m[36m(func pid=28592)[0m torch.Size([768])
[2m[36m(func pid=28592)[0m 6
[2m[36m(func pid=28592)[0m torch.Size([768, 4])
[2m[36m(func pid=28592)[0m 6
[2m[36m(func pid=28592)[0m torch.Size([768, 4])
[2m[36m(func pid=28592)[0m 6
[2m[36m(func pid=28592)[0m torch.Size([768])
[2m[36m(func pid=28592)[0m 6
[2m[36m(func pid=28592)[0m torch.Size([768, 4])
[2m[36m(func pid=28592)[0m 6
[2m[36m(func pid=28592)[0m torch.Size([768, 4])
[2m[36m(func pid=28592)[0m 6
[2m[36m(func pid=28592)[0m torch.Size([768])
[2m[36m(func pid=28592)[0m 6
[2m[36m(func pid=28592)[0m torch.Size([768, 4])
[2m[36m(func pid=28592)[0m 6
[2m[36m(func pid=28592)[0m torch.Size([768, 4])
[2m[36m(func pid=28592)[0m 6
[2m[36m(func pid=28592)[0m torch.Size([768])
[2m[36m(func pid=28592)[0m 6
[2m[36m(func pid=28592)[0m torch.Size([768, 4])
[2m[36m(func pid=28592)[0m 6
[2m[36m(func pid=28592)[0m torch.Size([768, 4])
[2m[36m(func pid=28592)[0m 6
[2m[36m(func pid=28592)[0m torch.Size([768])
[2m[36m(func pid=28592)[0m 6
[2m[36m(func pid=28592)[0m torch.Size([768, 4])
[2m[36m(func pid=28592)[0m 6
[2m[36m(func pid=28592)[0m torch.Size([768, 4])
[2m[36m(func pid=28592)[0m 6
[2m[36m(func pid=28592)[0m torch.Size([768])
[2m[36m(func pid=28592)[0m 6
[2m[36m(func pid=28592)[0m torch.Size([768, 4])
[2m[36m(func pid=28592)[0m 6
[2m[36m(func pid=28592)[0m torch.Size([768, 4])
[2m[36m(func pid=28592)[0m 6
[2m[36m(func pid=28592)[0m torch.Size([768])
[2m[36m(func pid=28592)[0m 6
[2m[36m(func pid=28592)[0m torch.Size([768, 4])
[2m[36m(func pid=28592)[0m 6
[2m[36m(func pid=28592)[0m torch.Size([768, 4])
[2m[36m(func pid=28592)[0m 6
[2m[36m(func pid=28592)[0m torch.Size([768])
[2m[36m(func pid=28592)[0m 6
[2m[36m(func pid=28592)[0m torch.Size([768, 4])
[2m[36m(func pid=28592)[0m 6
[2m[36m(func pid=28592)[0m torch.Size([768, 4])
[2m[36m(func pid=28592)[0m 6
[2m[36m(func pid=28592)[0m torch.Size([768])
[2m[36m(func pid=28592)[0m 6
[2m[36m(func pid=28592)[0m torch.Size([768, 4])
[2m[36m(func pid=28592)[0m 6
[2m[36m(func pid=28592)[0m torch.Size([768, 4])
[2m[36m(func pid=28592)[0m 6
[2m[36m(func pid=28592)[0m torch.Size([768])
[2m[36m(func pid=28592)[0m 6
[2m[36m(func pid=28592)[0m torch.Size([768, 4])
[2m[36m(func pid=28592)[0m 6
[2m[36m(func pid=28592)[0m torch.Size([768, 4])
[2m[36m(func pid=28592)[0m 6
[2m[36m(func pid=28592)[0m torch.Size([768])
[2m[36m(func pid=28592)[0m 6
[2m[36m(func pid=28592)[0m torch.Size([768, 4])
[2m[36m(func pid=28592)[0m 6
[2m[36m(func pid=28592)[0m torch.Size([768, 4])
[2m[36m(func pid=28592)[0m 6
[2m[36m(func pid=28592)[0m torch.Size([768])
[2m[36m(func pid=28592)[0m 6
[2m[36m(func pid=28592)[0m torch.Size([768, 4])
[2m[36m(func pid=28592)[0m 6
[2m[36m(func pid=28592)[0m torch.Size([768, 4])
[2m[36m(func pid=28592)[0m 6
[2m[36m(func pid=28592)[0m torch.Size([768])
[2m[36m(func pid=28592)[0m 6
[2m[36m(func pid=28592)[0m torch.Size([768, 4])
[2m[36m(func pid=28592)[0m 6
[2m[36m(func pid=28592)[0m torch.Size([768, 4])
[2m[36m(func pid=28592)[0m Epoch: [0]  [240/950]  eta: 0:08:12  lr: 0.000025  loss: 5.5926 (6.1413)  loss_proposal_cls: 0.1085 (0.1524)  loss_proposal_reg: 0.9419 (0.9891)  loss_box_cls: 0.1617 (0.2248)  loss_box_reg: 0.1437 (0.1274)  sim_loss: 3.9899 (4.1625)  loss_rpn_reg: 0.0127 (0.0278)  loss_rpn_cls: 0.1207 (0.4573)  time: 0.6850  data: 0.0213  max mem: 10382
[2m[36m(func pid=28592)[0m 6
[2m[36m(func pid=28592)[0m torch.Size([768])
[2m[36m(func pid=28592)[0m 6
[2m[36m(func pid=28592)[0m torch.Size([768, 4])
[2m[36m(func pid=28592)[0m 6
[2m[36m(func pid=28592)[0m torch.Size([768, 4])
[2m[36m(func pid=28592)[0m 6
[2m[36m(func pid=28592)[0m torch.Size([768])
[2m[36m(func pid=28592)[0m 6
[2m[36m(func pid=28592)[0m torch.Size([768, 4])
[2m[36m(func pid=28592)[0m 6
[2m[36m(func pid=28592)[0m torch.Size([768, 4])
[2m[36m(func pid=28592)[0m 6
[2m[36m(func pid=28592)[0m torch.Size([768])
[2m[36m(func pid=28592)[0m 6
[2m[36m(func pid=28592)[0m torch.Size([768, 4])
[2m[36m(func pid=28592)[0m 6
[2m[36m(func pid=28592)[0m torch.Size([768, 4])
[2m[36m(func pid=28592)[0m 6
[2m[36m(func pid=28592)[0m torch.Size([768])
[2m[36m(func pid=28592)[0m 6
[2m[36m(func pid=28592)[0m torch.Size([768, 4])
[2m[36m(func pid=28592)[0m 6
[2m[36m(func pid=28592)[0m torch.Size([768, 4])
[2m[36m(func pid=28592)[0m 6
[2m[36m(func pid=28592)[0m torch.Size([768])
[2m[36m(func pid=28592)[0m 6
[2m[36m(func pid=28592)[0m torch.Size([768, 4])
[2m[36m(func pid=28592)[0m 6
[2m[36m(func pid=28592)[0m torch.Size([768, 4])
[2m[36m(func pid=28592)[0m 6
[2m[36m(func pid=28592)[0m torch.Size([768])
[2m[36m(func pid=28592)[0m 6
[2m[36m(func pid=28592)[0m torch.Size([768, 4])
[2m[36m(func pid=28592)[0m 6
[2m[36m(func pid=28592)[0m torch.Size([768, 4])
[2m[36m(func pid=28592)[0m 6
[2m[36m(func pid=28592)[0m torch.Size([768])
[2m[36m(func pid=28592)[0m 6
[2m[36m(func pid=28592)[0m torch.Size([768, 4])
[2m[36m(func pid=28592)[0m 6
[2m[36m(func pid=28592)[0m torch.Size([768, 4])
== Status ==
Current time: 2023-03-20 00:20:18 (running for 00:03:00.67)
Memory usage on this node: 6.8/39.3 GiB
Using FIFO scheduling algorithm.
Resources requested: 4.0/8 CPUs, 1.0/1 GPUs, 0.0/22.17 GiB heap, 0.0/11.08 GiB objects (0.0/1.0 accelerator_type:V100)
Result logdir: /home/ubuntu/GFN-1.1.0/logging/prw_final
Number of trials: 1/1 (1 RUNNING)
+----------------------------------------------+----------+------------------+
| Trial name                                   | status   | loc              |
|----------------------------------------------+----------+------------------|
| WrappedDistributedTorchTrainable_84752_00000 | RUNNING  | 172.16.0.5:28522 |
+----------------------------------------------+----------+------------------+


[2m[36m(func pid=28592)[0m 6
[2m[36m(func pid=28592)[0m torch.Size([768])
[2m[36m(func pid=28592)[0m 6
[2m[36m(func pid=28592)[0m torch.Size([768, 4])
[2m[36m(func pid=28592)[0m 6
[2m[36m(func pid=28592)[0m torch.Size([768, 4])
[2m[36m(func pid=28592)[0m 6
[2m[36m(func pid=28592)[0m torch.Size([768])
[2m[36m(func pid=28592)[0m 6
[2m[36m(func pid=28592)[0m torch.Size([768, 4])
[2m[36m(func pid=28592)[0m 6
[2m[36m(func pid=28592)[0m torch.Size([768, 4])
[2m[36m(func pid=28592)[0m 6
[2m[36m(func pid=28592)[0m torch.Size([768])
[2m[36m(func pid=28592)[0m 6
[2m[36m(func pid=28592)[0m torch.Size([768, 4])
[2m[36m(func pid=28592)[0m 6
[2m[36m(func pid=28592)[0m torch.Size([768, 4])
[2m[36m(func pid=28592)[0m 6
[2m[36m(func pid=28592)[0m torch.Size([768])
[2m[36m(func pid=28592)[0m 6
[2m[36m(func pid=28592)[0m torch.Size([768, 4])
[2m[36m(func pid=28592)[0m 6
[2m[36m(func pid=28592)[0m torch.Size([768, 4])
[2m[36m(func pid=28592)[0m 6
[2m[36m(func pid=28592)[0m torch.Size([768])
[2m[36m(func pid=28592)[0m 6
[2m[36m(func pid=28592)[0m torch.Size([768, 4])
[2m[36m(func pid=28592)[0m 6
[2m[36m(func pid=28592)[0m torch.Size([768, 4])
[2m[36m(func pid=28592)[0m 6
[2m[36m(func pid=28592)[0m torch.Size([768])
[2m[36m(func pid=28592)[0m 6
[2m[36m(func pid=28592)[0m torch.Size([768, 4])
[2m[36m(func pid=28592)[0m 6
[2m[36m(func pid=28592)[0m torch.Size([768, 4])
[2m[36m(func pid=28592)[0m 6
[2m[36m(func pid=28592)[0m torch.Size([768])
[2m[36m(func pid=28592)[0m 6
[2m[36m(func pid=28592)[0m torch.Size([768, 4])
[2m[36m(func pid=28592)[0m 6
[2m[36m(func pid=28592)[0m torch.Size([768, 4])
[2m[36m(func pid=28592)[0m 6
[2m[36m(func pid=28592)[0m torch.Size([768])
[2m[36m(func pid=28592)[0m 6
[2m[36m(func pid=28592)[0m torch.Size([768, 4])
[2m[36m(func pid=28592)[0m 6
[2m[36m(func pid=28592)[0m torch.Size([768, 4])
[2m[36m(func pid=28592)[0m 6
[2m[36m(func pid=28592)[0m torch.Size([768])
[2m[36m(func pid=28592)[0m 6
[2m[36m(func pid=28592)[0m torch.Size([768, 4])
[2m[36m(func pid=28592)[0m 6
[2m[36m(func pid=28592)[0m torch.Size([768, 4])
[2m[36m(func pid=28592)[0m 6
[2m[36m(func pid=28592)[0m torch.Size([768])
[2m[36m(func pid=28592)[0m 6
[2m[36m(func pid=28592)[0m torch.Size([768, 4])
[2m[36m(func pid=28592)[0m 6
[2m[36m(func pid=28592)[0m torch.Size([768, 4])
[2m[36m(func pid=28592)[0m 6
[2m[36m(func pid=28592)[0m torch.Size([768])
[2m[36m(func pid=28592)[0m 6
[2m[36m(func pid=28592)[0m torch.Size([768, 4])
[2m[36m(func pid=28592)[0m 6
[2m[36m(func pid=28592)[0m torch.Size([768, 4])
[2m[36m(func pid=28592)[0m 6
[2m[36m(func pid=28592)[0m torch.Size([768])
[2m[36m(func pid=28592)[0m 6
[2m[36m(func pid=28592)[0m torch.Size([768, 4])
[2m[36m(func pid=28592)[0m 6
[2m[36m(func pid=28592)[0m torch.Size([768, 4])
[2m[36m(func pid=28592)[0m 6
[2m[36m(func pid=28592)[0m torch.Size([768])
[2m[36m(func pid=28592)[0m 6
[2m[36m(func pid=28592)[0m torch.Size([768, 4])
[2m[36m(func pid=28592)[0m 6
[2m[36m(func pid=28592)[0m torch.Size([768, 4])
[2m[36m(func pid=28592)[0m Epoch: [0]  [260/950]  eta: 0:07:58  lr: 0.000028  loss: 5.8356 (6.1014)  loss_proposal_cls: 0.1011 (0.1493)  loss_proposal_reg: 0.9129 (0.9925)  loss_box_cls: 0.1458 (0.2193)  loss_box_reg: 0.1423 (0.1293)  sim_loss: 3.9929 (4.1519)  loss_rpn_reg: 0.0113 (0.0274)  loss_rpn_cls: 0.1023 (0.4318)  time: 0.6841  data: 0.0212  max mem: 10382
[2m[36m(func pid=28592)[0m 6
[2m[36m(func pid=28592)[0m torch.Size([768])
[2m[36m(func pid=28592)[0m 6
[2m[36m(func pid=28592)[0m torch.Size([768, 4])
[2m[36m(func pid=28592)[0m 6
[2m[36m(func pid=28592)[0m torch.Size([768, 4])
[2m[36m(func pid=28592)[0m 6
[2m[36m(func pid=28592)[0m torch.Size([768])
[2m[36m(func pid=28592)[0m 6
[2m[36m(func pid=28592)[0m torch.Size([768, 4])
[2m[36m(func pid=28592)[0m 6
[2m[36m(func pid=28592)[0m torch.Size([768, 4])
[2m[36m(func pid=28592)[0m 6
[2m[36m(func pid=28592)[0m torch.Size([768])
[2m[36m(func pid=28592)[0m 6
[2m[36m(func pid=28592)[0m torch.Size([768, 4])
[2m[36m(func pid=28592)[0m 6
[2m[36m(func pid=28592)[0m torch.Size([768, 4])
[2m[36m(func pid=28592)[0m 6
[2m[36m(func pid=28592)[0m torch.Size([768])
[2m[36m(func pid=28592)[0m 6
[2m[36m(func pid=28592)[0m torch.Size([768, 4])
[2m[36m(func pid=28592)[0m 6
[2m[36m(func pid=28592)[0m torch.Size([768, 4])
[2m[36m(func pid=28592)[0m 6
[2m[36m(func pid=28592)[0m torch.Size([768])
[2m[36m(func pid=28592)[0m 6
[2m[36m(func pid=28592)[0m torch.Size([768, 4])
[2m[36m(func pid=28592)[0m 6
[2m[36m(func pid=28592)[0m torch.Size([768, 4])
[2m[36m(func pid=28592)[0m 6
[2m[36m(func pid=28592)[0m torch.Size([768])
[2m[36m(func pid=28592)[0m 6
[2m[36m(func pid=28592)[0m torch.Size([768, 4])
[2m[36m(func pid=28592)[0m 6
[2m[36m(func pid=28592)[0m torch.Size([768, 4])
[2m[36m(func pid=28592)[0m 6
[2m[36m(func pid=28592)[0m torch.Size([768])
[2m[36m(func pid=28592)[0m 6
[2m[36m(func pid=28592)[0m torch.Size([768, 4])
[2m[36m(func pid=28592)[0m 6
[2m[36m(func pid=28592)[0m torch.Size([768, 4])
[2m[36m(func pid=28592)[0m 6
[2m[36m(func pid=28592)[0m torch.Size([768])
[2m[36m(func pid=28592)[0m 6
[2m[36m(func pid=28592)[0m torch.Size([768, 4])
[2m[36m(func pid=28592)[0m 6
[2m[36m(func pid=28592)[0m torch.Size([768, 4])
[2m[36m(func pid=28592)[0m 6
[2m[36m(func pid=28592)[0m torch.Size([768])
[2m[36m(func pid=28592)[0m 6
[2m[36m(func pid=28592)[0m torch.Size([768, 4])
[2m[36m(func pid=28592)[0m 6
[2m[36m(func pid=28592)[0m torch.Size([768, 4])
[2m[36m(func pid=28592)[0m 6
[2m[36m(func pid=28592)[0m torch.Size([768])
[2m[36m(func pid=28592)[0m 6
[2m[36m(func pid=28592)[0m torch.Size([768, 4])
[2m[36m(func pid=28592)[0m 6
[2m[36m(func pid=28592)[0m torch.Size([768, 4])
[2m[36m(func pid=28592)[0m 6
[2m[36m(func pid=28592)[0m torch.Size([768])
[2m[36m(func pid=28592)[0m 6
[2m[36m(func pid=28592)[0m torch.Size([768, 4])
[2m[36m(func pid=28592)[0m 6
[2m[36m(func pid=28592)[0m torch.Size([768, 4])
[2m[36m(func pid=28592)[0m 6
[2m[36m(func pid=28592)[0m torch.Size([768])
[2m[36m(func pid=28592)[0m 6
[2m[36m(func pid=28592)[0m torch.Size([768, 4])
[2m[36m(func pid=28592)[0m 6
[2m[36m(func pid=28592)[0m torch.Size([768, 4])
[2m[36m(func pid=28592)[0m 6
[2m[36m(func pid=28592)[0m torch.Size([768])
[2m[36m(func pid=28592)[0m 6
[2m[36m(func pid=28592)[0m torch.Size([768, 4])
[2m[36m(func pid=28592)[0m 6
[2m[36m(func pid=28592)[0m torch.Size([768, 4])
[2m[36m(func pid=28592)[0m 6
[2m[36m(func pid=28592)[0m torch.Size([768])
[2m[36m(func pid=28592)[0m 6
[2m[36m(func pid=28592)[0m torch.Size([768, 4])
[2m[36m(func pid=28592)[0m 6
[2m[36m(func pid=28592)[0m torch.Size([768, 4])
[2m[36m(func pid=28592)[0m 6
[2m[36m(func pid=28592)[0m torch.Size([768])
[2m[36m(func pid=28592)[0m 6
[2m[36m(func pid=28592)[0m torch.Size([768, 4])
[2m[36m(func pid=28592)[0m 6
[2m[36m(func pid=28592)[0m torch.Size([768, 4])
[2m[36m(func pid=28592)[0m 6
[2m[36m(func pid=28592)[0m torch.Size([768])
[2m[36m(func pid=28592)[0m 6
[2m[36m(func pid=28592)[0m torch.Size([768, 4])
[2m[36m(func pid=28592)[0m 6
[2m[36m(func pid=28592)[0m torch.Size([768, 4])
[2m[36m(func pid=28592)[0m 6
[2m[36m(func pid=28592)[0m torch.Size([768])
[2m[36m(func pid=28592)[0m 6
[2m[36m(func pid=28592)[0m torch.Size([768, 4])
[2m[36m(func pid=28592)[0m 6
[2m[36m(func pid=28592)[0m torch.Size([768, 4])
[2m[36m(func pid=28592)[0m 6
[2m[36m(func pid=28592)[0m torch.Size([768])
[2m[36m(func pid=28592)[0m 6
[2m[36m(func pid=28592)[0m torch.Size([768, 4])
[2m[36m(func pid=28592)[0m 6
[2m[36m(func pid=28592)[0m torch.Size([768, 4])
[2m[36m(func pid=28592)[0m 6
[2m[36m(func pid=28592)[0m torch.Size([768])
[2m[36m(func pid=28592)[0m 6
[2m[36m(func pid=28592)[0m torch.Size([768, 4])
[2m[36m(func pid=28592)[0m 6
[2m[36m(func pid=28592)[0m torch.Size([768, 4])
[2m[36m(func pid=28592)[0m 6
[2m[36m(func pid=28592)[0m torch.Size([768])
[2m[36m(func pid=28592)[0m 6
[2m[36m(func pid=28592)[0m torch.Size([768, 4])
[2m[36m(func pid=28592)[0m 6
[2m[36m(func pid=28592)[0m torch.Size([768, 4])
[2m[36m(func pid=28592)[0m Epoch: [0]  [280/950]  eta: 0:07:43  lr: 0.000030  loss: 5.2515 (6.0555)  loss_proposal_cls: 0.1182 (0.1476)  loss_proposal_reg: 1.0374 (1.0014)  loss_box_cls: 0.1662 (0.2164)  loss_box_reg: 0.1636 (0.1324)  sim_loss: 3.6453 (4.1224)  loss_rpn_reg: 0.0114 (0.0267)  loss_rpn_cls: 0.0910 (0.4086)  time: 0.6788  data: 0.0197  max mem: 10382
[2m[36m(func pid=28592)[0m 6
[2m[36m(func pid=28592)[0m torch.Size([768])
[2m[36m(func pid=28592)[0m 6
[2m[36m(func pid=28592)[0m torch.Size([768, 4])
[2m[36m(func pid=28592)[0m 6
[2m[36m(func pid=28592)[0m torch.Size([768, 4])
[2m[36m(func pid=28592)[0m 6
[2m[36m(func pid=28592)[0m torch.Size([768])
[2m[36m(func pid=28592)[0m 6
[2m[36m(func pid=28592)[0m torch.Size([768, 4])
[2m[36m(func pid=28592)[0m 6
[2m[36m(func pid=28592)[0m torch.Size([768, 4])
[2m[36m(func pid=28592)[0m 6
[2m[36m(func pid=28592)[0m torch.Size([768])
[2m[36m(func pid=28592)[0m 6
[2m[36m(func pid=28592)[0m torch.Size([768, 4])
[2m[36m(func pid=28592)[0m 6
[2m[36m(func pid=28592)[0m torch.Size([768, 4])
[2m[36m(func pid=28592)[0m 6
[2m[36m(func pid=28592)[0m torch.Size([768])
[2m[36m(func pid=28592)[0m 6
[2m[36m(func pid=28592)[0m torch.Size([768, 4])
[2m[36m(func pid=28592)[0m 6
[2m[36m(func pid=28592)[0m torch.Size([768, 4])
[2m[36m(func pid=28592)[0m 6
[2m[36m(func pid=28592)[0m torch.Size([768])
[2m[36m(func pid=28592)[0m 6
[2m[36m(func pid=28592)[0m torch.Size([768, 4])
[2m[36m(func pid=28592)[0m 6
[2m[36m(func pid=28592)[0m torch.Size([768, 4])
[2m[36m(func pid=28592)[0m 6
[2m[36m(func pid=28592)[0m torch.Size([768])
[2m[36m(func pid=28592)[0m 6
[2m[36m(func pid=28592)[0m torch.Size([768, 4])
[2m[36m(func pid=28592)[0m 6
[2m[36m(func pid=28592)[0m torch.Size([768, 4])
[2m[36m(func pid=28592)[0m 6
[2m[36m(func pid=28592)[0m torch.Size([768])
[2m[36m(func pid=28592)[0m 6
[2m[36m(func pid=28592)[0m torch.Size([768, 4])
[2m[36m(func pid=28592)[0m 6
[2m[36m(func pid=28592)[0m torch.Size([768, 4])
[2m[36m(func pid=28592)[0m 6
[2m[36m(func pid=28592)[0m torch.Size([768])
[2m[36m(func pid=28592)[0m 6
[2m[36m(func pid=28592)[0m torch.Size([768, 4])
[2m[36m(func pid=28592)[0m 6
[2m[36m(func pid=28592)[0m torch.Size([768, 4])
[2m[36m(func pid=28592)[0m 6
[2m[36m(func pid=28592)[0m torch.Size([768])
[2m[36m(func pid=28592)[0m 6
[2m[36m(func pid=28592)[0m torch.Size([768, 4])
[2m[36m(func pid=28592)[0m 6
[2m[36m(func pid=28592)[0m torch.Size([768, 4])
[2m[36m(func pid=28592)[0m 6
[2m[36m(func pid=28592)[0m torch.Size([768])
[2m[36m(func pid=28592)[0m 6
[2m[36m(func pid=28592)[0m torch.Size([768, 4])
[2m[36m(func pid=28592)[0m 6
[2m[36m(func pid=28592)[0m torch.Size([768, 4])
[2m[36m(func pid=28592)[0m 6
[2m[36m(func pid=28592)[0m torch.Size([768])
[2m[36m(func pid=28592)[0m 6
[2m[36m(func pid=28592)[0m torch.Size([768, 4])
[2m[36m(func pid=28592)[0m 6
[2m[36m(func pid=28592)[0m torch.Size([768, 4])
[2m[36m(func pid=28592)[0m 6
[2m[36m(func pid=28592)[0m torch.Size([768])
[2m[36m(func pid=28592)[0m 6
[2m[36m(func pid=28592)[0m torch.Size([768, 4])
[2m[36m(func pid=28592)[0m 6
[2m[36m(func pid=28592)[0m torch.Size([768, 4])
[2m[36m(func pid=28592)[0m 6
[2m[36m(func pid=28592)[0m torch.Size([768])
[2m[36m(func pid=28592)[0m 6
[2m[36m(func pid=28592)[0m torch.Size([768, 4])
[2m[36m(func pid=28592)[0m 6
[2m[36m(func pid=28592)[0m torch.Size([768, 4])[2m[36m(func pid=28592)[0m /home/ubuntu/conda/envs/osr/lib/python3.7/site-packages/torch/optim/lr_scheduler.py:136: UserWarning: Detected call of `lr_scheduler.step()` before `optimizer.step()`. In PyTorch 1.1.0 and later, you should call them in the opposite order: `optimizer.step()` before `lr_scheduler.step()`.  Failure to do this will result in PyTorch skipping the first value of the learning rate schedule. See more details at https://pytorch.org/docs/stable/optim.html#how-to-adjust-learning-rate
[2m[36m(func pid=28592)[0m   "https://pytorch.org/docs/stable/optim.html#how-to-adjust-learning-rate", UserWarning)
2023-03-20 00:20:53,124	WARNING tune.py:651 -- SIGINT received (e.g. via Ctrl+C), ending Ray Tune run. This will try to checkpoint the experiment state one last time. Press CTRL+C one more time (or send SIGINT/SIGKILL/SIGTERM) to skip. 

[2m[36m(func pid=28592)[0m 6
[2m[36m(func pid=28592)[0m torch.Size([768])
[2m[36m(func pid=28592)[0m 6
[2m[36m(func pid=28592)[0m torch.Size([768, 4])
[2m[36m(func pid=28592)[0m 6
[2m[36m(func pid=28592)[0m torch.Size([768, 4])
[2m[36m(func pid=28592)[0m 6
[2m[36m(func pid=28592)[0m torch.Size([768])
[2m[36m(func pid=28592)[0m 6
[2m[36m(func pid=28592)[0m torch.Size([768, 4])
[2m[36m(func pid=28592)[0m 6
[2m[36m(func pid=28592)[0m torch.Size([768, 4])
[2m[36m(func pid=28592)[0m 6
[2m[36m(func pid=28592)[0m torch.Size([768])
[2m[36m(func pid=28592)[0m 6
[2m[36m(func pid=28592)[0m torch.Size([768, 4])
[2m[36m(func pid=28592)[0m 6
[2m[36m(func pid=28592)[0m torch.Size([768, 4])
[2m[36m(func pid=28592)[0m 6
[2m[36m(func pid=28592)[0m torch.Size([768])
[2m[36m(func pid=28592)[0m 6
[2m[36m(func pid=28592)[0m torch.Size([768, 4])
[2m[36m(func pid=28592)[0m 6
[2m[36m(func pid=28592)[0m torch.Size([768, 4])
[2m[36m(func pid=28592)[0m 6
[2m[36m(func pid=28592)[0m torch.Size([768])
[2m[36m(func pid=28592)[0m 6
[2m[36m(func pid=28592)[0m torch.Size([768, 4])
[2m[36m(func pid=28592)[0m 6
[2m[36m(func pid=28592)[0m torch.Size([768, 4])
== Status ==
Current time: 2023-03-20 00:20:53 (running for 00:03:35.69)
Memory usage on this node: 6.7/39.3 GiB
Using FIFO scheduling algorithm.
Resources requested: 4.0/8 CPUs, 1.0/1 GPUs, 0.0/22.17 GiB heap, 0.0/11.08 GiB objects (0.0/1.0 accelerator_type:V100)
Result logdir: /home/ubuntu/GFN-1.1.0/logging/prw_final
Number of trials: 1/1 (1 RUNNING)
+----------------------------------------------+----------+------------------+
| Trial name                                   | status   | loc              |
|----------------------------------------------+----------+------------------|
| WrappedDistributedTorchTrainable_84752_00000 | RUNNING  | 172.16.0.5:28522 |
+----------------------------------------------+----------+------------------+


[2m[36m(func pid=28592)[0m 6
[2m[36m(func pid=28592)[0m torch.Size([768])
[2m[36m(func pid=28592)[0m 6
[2m[36m(func pid=28592)[0m torch.Size([768, 4])
[2m[36m(func pid=28592)[0m 6
[2m[36m(func pid=28592)[0m torch.Size([768, 4])
[2m[36m(func pid=28592)[0m 6
[2m[36m(func pid=28592)[0m torch.Size([768])
[2m[36m(func pid=28592)[0m 6
[2m[36m(func pid=28592)[0m torch.Size([768, 4])
[2m[36m(func pid=28592)[0m 6
[2m[36m(func pid=28592)[0m torch.Size([768, 4])
[2m[36m(func pid=28592)[0m Epoch: [0]  [300/950]  eta: 0:07:29  lr: 0.000032  loss: 5.5817 (6.0069)  loss_proposal_cls: 0.1080 (0.1455)  loss_proposal_reg: 1.0219 (1.0046)  loss_box_cls: 0.1716 (0.2142)  loss_box_reg: 0.1661 (0.1350)  sim_loss: 3.6775 (4.0945)  loss_rpn_reg: 0.0131 (0.0259)  loss_rpn_cls: 0.0818 (0.3872)  time: 0.6798  data: 0.0205  max mem: 10382
[2m[36m(func pid=28592)[0m 6
[2m[36m(func pid=28592)[0m torch.Size([768])
[2m[36m(func pid=28592)[0m 6
[2m[36m(func pid=28592)[0m torch.Size([768, 4])
[2m[36m(func pid=28592)[0m 6
[2m[36m(func pid=28592)[0m torch.Size([768, 4])
[2m[36m(func pid=28592)[0m 6
[2m[36m(func pid=28592)[0m torch.Size([768])
[2m[36m(func pid=28592)[0m 6
[2m[36m(func pid=28592)[0m torch.Size([768, 4])
[2m[36m(func pid=28592)[0m 6
[2m[36m(func pid=28592)[0m torch.Size([768, 4])
Traceback (most recent call last):
  File "/home/ubuntu/.local/bin/osr_run", line 33, in <module>
    sys.exit(load_entry_point('osr-lib==1.1.0', 'console_scripts', 'osr_run')())
  File "/home/ubuntu/.local/lib/python3.7/site-packages/osr_lib-1.1.0-py3.7.egg/osr/engine/main.py", line 247, in main
  File "/home/ubuntu/conda/envs/osr/lib/python3.7/site-packages/ray/tune/tune.py", line 686, in run
    runner.cleanup()
  File "/home/ubuntu/conda/envs/osr/lib/python3.7/site-packages/ray/tune/trial_runner.py", line 1382, in cleanup
    self.cleanup_trials()
  File "/home/ubuntu/conda/envs/osr/lib/python3.7/site-packages/ray/tune/trial_runner.py", line 1378, in cleanup_trials
    self.trial_executor.cleanup(self.get_trials())
  File "/home/ubuntu/conda/envs/osr/lib/python3.7/site-packages/ray/tune/ray_trial_executor.py", line 747, in cleanup
    ready, _ = ray.wait(list(self._futures.keys()), timeout=0)
  File "/home/ubuntu/conda/envs/osr/lib/python3.7/site-packages/ray/_private/client_mode_hook.py", line 105, in wrapper
    return func(*args, **kwargs)
  File "/home/ubuntu/conda/envs/osr/lib/python3.7/site-packages/ray/worker.py", line 1998, in wait
    fetch_local,
  File "python/ray/_raylet.pyx", line 1401, in ray._raylet.CoreWorker.wait
  File "python/ray/_raylet.pyx", line 167, in ray._raylet.check_status
KeyboardInterrupt
Error in atexit._run_exitfuncs:
Traceback (most recent call last):
  File "/home/ubuntu/conda/envs/osr/lib/python3.7/site-packages/ray/_private/client_mode_hook.py", line 105, in wrapper
    return func(*args, **kwargs)
  File "/home/ubuntu/conda/envs/osr/lib/python3.7/site-packages/ray/worker.py", line 1133, in shutdown
    time.sleep(0.5)
KeyboardInterrupt
terminate called without an active exception
